#
# There is insufficient memory for the Java Runtime Environment to continue.
# Native memory allocation (malloc) failed to allocate 136151040 bytes for committing reserved memory.
# Possible reasons:
#   The system is out of physical RAM or swap space
#   In 32 bit mode, the process size limit was hit
# Possible solutions:
#   Reduce memory load on the system
#   Increase physical memory or swap space
#   Check if swap backing store is full
#   Use 64 bit Java on a 64 bit OS
#   Decrease Java heap size (-Xmx/-Xms)
#   Decrease number of Java threads
#   Decrease Java thread stack sizes (-Xss)
#   Set larger code cache with -XX:ReservedCodeCacheSize=
# This output file may be truncated or incomplete.
#
#  Out of Memory Error (os_linux.cpp:2809), pid=7567, tid=3023080256
#
# JRE version: OpenJDK Runtime Environment (7.0_79-b14) (build 1.7.0_79-b14)
# Java VM: OpenJDK Client VM (24.79-b02 mixed mode, sharing linux-x86 )
# Derivative: IcedTea 2.5.6
# Distribution: Debian GNU/Linux 7.8 (wheezy), package 7u79-2.5.6-1~deb7u1
# Failed to write core dump. Core dumps have been disabled. To enable core dumping, try "ulimit -c unlimited" before starting Java again
#

---------------  T H R E A D  ---------------

Current thread (0xb6830000):  VMThread [stack: 0xb4288000,0xb4309000] [id=7569]

Stack: [0xb4288000,0xb4309000]
[error occurred during error reporting (printing stack bounds), id 0xb]

VM_Operation (0xb26b1e0c): GenCollectFull, mode: safepoint, requested by thread 0x09434400


---------------  P R O C E S S  ---------------

Java Threads: ( => current thread )
  0x09434400 JavaThread "Thread-43" [_thread_blocked, id=9955, stack(0xb2662000,0xb26b3000)]
  0x09114000 JavaThread "TimerQueue" daemon [_thread_blocked, id=7628, stack(0xb2e58000,0xb2ea9000)]
  0xb6807400 JavaThread "DestroyJavaVM" [_thread_blocked, id=7568, stack(0xb6912000,0xb6963000)]
  0xb3c74000 JavaThread "AWT-EventQueue-0" [_thread_blocked, id=7627, stack(0xb2ea9000,0xb2efa000)]
  0xb3c73800 JavaThread "AWT-Shutdown" [_thread_blocked, id=7626, stack(0xb2efa000,0xb2f4b000)]
  0xb3c65c00 JavaThread "AWT-XAWT" daemon [_thread_blocked, id=7625, stack(0xb3066000,0xb30b7000)]
  0xb3c57c00 JavaThread "Java2D Disposer" daemon [_thread_blocked, id=7624, stack(0xb30c7000,0xb3118000)]
  0xb684c800 JavaThread "Service Thread" daemon [_thread_blocked, id=7574, stack(0xb3e03000,0xb3e54000)]
  0xb684a800 JavaThread "C1 CompilerThread0" daemon [_thread_blocked, id=7573, stack(0xb3e54000,0xb3ed5000)]
  0xb6848c00 JavaThread "Signal Dispatcher" daemon [_thread_blocked, id=7572, stack(0xb3ed5000,0xb3f26000)]
  0xb6833000 JavaThread "Finalizer" daemon [_thread_blocked, id=7571, stack(0xb40af000,0xb4100000)]
  0xb6831800 JavaThread "Reference Handler" daemon [_thread_blocked, id=7570, stack(0xb4237000,0xb4288000)]

Other Threads:
=>0xb6830000 VMThread [stack: 0xb4288000,0xb4309000] [id=7569]
  0xb684ec00 WatcherThread [stack: 0xb3d82000,0xb3e03000] [id=7575]

VM state:at safepoint (normal execution)

VM Mutex/Monitor currently owned by a thread:  ([mutex/lock_event])
[0xb6804d78] Threads_lock - owner thread: 0xb6830000
[0xb6805188] Heap_lock - owner thread: 0x09434400

Heap
 def new generation   total 97536K, used 1371K [0x6e800000, 0x751d0000, 0x792a0000)
  eden space 86720K,   1% used [0x6e800000, 0x6e956cf8, 0x73cb0000)
  from space 10816K,   0% used [0x74740000, 0x74740000, 0x751d0000)
  to   space 10816K,   0% used [0x73cb0000, 0x73cb0000, 0x74740000)
 tenured generation   total 216608K, used 216409K [0x792a0000, 0x86628000, 0x8e800000)
   the space 216608K,  99% used [0x792a0000, 0x865f6648, 0x865f6800, 0x86628000)
 compacting perm gen  total 12288K, used 8034K [0x8e800000, 0x8f400000, 0x92800000)
   the space 12288K,  65% used [0x8e800000, 0x8efd8a80, 0x8efd8c00, 0x8f400000)
    ro space 10240K,  58% used [0x92800000, 0x92de1320, 0x92de1400, 0x93200000)
    rw space 12288K,  59% used [0x93200000, 0x93916340, 0x93916400, 0x93e00000)

Card table byte_map: [0xb45d6000,0xb4702000] byte_map_base: 0xb4262000

Polling page: 0xb7702000

Code Cache  [0xb4782000, 0xb4de2000, 0xb6782000)
 total_blobs=3893 nmethods=3575 adapters=250 free_code_cache=26271Kb largest_free_block=26899840

Compilation events (10 events):
Event: 150862.152 Thread 0xb684a800 3591             org.jdom.Element::setNamespace (15 bytes)
Event: 150862.152 Thread 0xb684a800 nmethod 3591 0xb4dd9cc8 code [0xb4dd9dc0, 0xb4dd9e60]
Event: 150862.484 Thread 0xb684a800 3592             org.jdom.output.NamespaceStack::size (8 bytes)
Event: 150862.484 Thread 0xb684a800 nmethod 3592 0xb4dd9ec8 code [0xb4dd9fe0, 0xb4dda1e0]
Event: 150862.484 Thread 0xb684a800 3593             org.jdom.Namespace::getPrefix (5 bytes)
Event: 150862.484 Thread 0xb684a800 nmethod 3593 0xb4dda288 code [0xb4dda380, 0xb4dda400]
Event: 150862.484 Thread 0xb684a800 3594             org.jdom.output.XMLOutputter::printQualifiedName (50 bytes)
Event: 150862.485 Thread 0xb684a800 nmethod 3594 0xb4dda448 code [0xb4dda580, 0xb4dda6a8]
Event: 150862.506 Thread 0xb684a800 3595             com.sun.org.apache.xerces.internal.util.NamespaceSupport::getDeclaredPrefixCount (17 bytes)
Event: 150862.506 Thread 0xb684a800 nmethod 3595 0xb4dda808 code [0xb4dda900, 0xb4dda9d0]

GC Heap History (10 events):
Event: 150755.880 GC heap after
Heap after GC invocations=2692 (full 26):
 def new generation   total 97536K, used 2085K [0x6e800000, 0x751d0000, 0x792a0000)
  eden space 86720K,   0% used [0x6e800000, 0x6e800000, 0x73cb0000)
  from space 10816K,  19% used [0x74740000, 0x749496a8, 0x751d0000)
  to   space 10816K,   0% used [0x73cb0000, 0x73cb0000, 0x74740000)
 tenured generation   total 216608K, used 189176K [0x792a0000, 0x86628000, 0x8e800000)
   the space 216608K,  87% used [0x792a0000, 0x84b5e2a0, 0x84b5e400, 0x86628000)
 compacting perm gen  total 12288K, used 8034K [0x8e800000, 0x8f400000, 0x92800000)
   the space 12288K,  65% used [0x8e800000, 0x8efd8a80, 0x8efd8c00, 0x8f400000)
    ro space 10240K,  58% used [0x92800000, 0x92de1320, 0x92de1400, 0x93200000)
    rw space 12288K,  59% used [0x93200000, 0x93916340, 0x93916400, 0x93e00000)
}
Event: 150756.863 GC heap before
{Heap before GC invocations=2692 (full 26):
 def new generation   total 97536K, used 88805K [0x6e800000, 0x751d0000, 0x792a0000)
  eden space 86720K, 100% used [0x6e800000, 0x73cb0000, 0x73cb0000)
  from space 10816K,  19% used [0x74740000, 0x749496a8, 0x751d0000)
  to   space 10816K,   0% used [0x73cb0000, 0x73cb0000, 0x74740000)
 tenured generation   total 216608K, used 189176K [0x792a0000, 0x86628000, 0x8e800000)
   the space 216608K,  87% used [0x792a0000, 0x84b5e2a0, 0x84b5e400, 0x86628000)
 compacting perm gen  total 12288K, used 8034K [0x8e800000, 0x8f400000, 0x92800000)
   the space 12288K,  65% used [0x8e800000, 0x8efd8a80, 0x8efd8c00, 0x8f400000)
    ro space 10240K,  58% used [0x92800000, 0x92de1320, 0x92de1400, 0x93200000)
    rw space 12288K,  59% used [0x93200000, 0x93916340, 0x93916400, 0x93e00000)
Event: 150756.870 GC heap after
Heap after GC invocations=2693 (full 26):
 def new generation   total 97536K, used 2160K [0x6e800000, 0x751d0000, 0x792a0000)
  eden space 86720K,   0% used [0x6e800000, 0x6e800000, 0x73cb0000)
  from space 10816K,  19% used [0x73cb0000, 0x73ecc290, 0x74740000)
  to   space 10816K,   0% used [0x74740000, 0x74740000, 0x751d0000)
 tenured generation   total 216608K, used 189300K [0x792a0000, 0x86628000, 0x8e800000)
   the space 216608K,  87% used [0x792a0000, 0x84b7d030, 0x84b7d200, 0x86628000)
 compacting perm gen  total 12288K, used 8034K [0x8e800000, 0x8f400000, 0x92800000)
   the space 12288K,  65% used [0x8e800000, 0x8efd8a80, 0x8efd8c00, 0x8f400000)
    ro space 10240K,  58% used [0x92800000, 0x92de1320, 0x92de1400, 0x93200000)
    rw space 12288K,  59% used [0x93200000, 0x93916340, 0x93916400, 0x93e00000)
}
Event: 150757.968 GC heap before
{Heap before GC invocations=2693 (full 26):
 def new generation   total 97536K, used 88880K [0x6e800000, 0x751d0000, 0x792a0000)
  eden space 86720K, 100% used [0x6e800000, 0x73cb0000, 0x73cb0000)
  from space 10816K,  19% used [0x73cb0000, 0x73ecc290, 0x74740000)
  to   space 10816K,   0% used [0x74740000, 0x74740000, 0x751d0000)
 tenured generation   total 216608K, used 189300K [0x792a0000, 0x86628000, 0x8e800000)
   the space 216608K,  87% used [0x792a0000, 0x84b7d030, 0x84b7d200, 0x86628000)
 compacting perm gen  total 12288K, used 8034K [0x8e800000, 0x8f400000, 0x92800000)
   the space 12288K,  65% used [0x8e800000, 0x8efd8a80, 0x8efd8c00, 0x8f400000)
    ro space 10240K,  58% used [0x92800000, 0x92de1320, 0x92de1400, 0x93200000)
    rw space 12288K,  59% used [0x93200000, 0x93916340, 0x93916400, 0x93e00000)
Event: 150757.977 GC heap after
Heap after GC invocations=2694 (full 26):
 def new generation   total 97536K, used 2155K [0x6e800000, 0x751d0000, 0x792a0000)
  eden space 86720K,   0% used [0x6e800000, 0x6e800000, 0x73cb0000)
  from space 10816K,  19% used [0x74740000, 0x7495aeb0, 0x751d0000)
  to   space 10816K,   0% used [0x73cb0000, 0x73cb0000, 0x74740000)
 tenured generation   total 216608K, used 189391K [0x792a0000, 0x86628000, 0x8e800000)
   the space 216608K,  87% used [0x792a0000, 0x84b93d38, 0x84b93e00, 0x86628000)
 compacting perm gen  total 12288K, used 8034K [0x8e800000, 0x8f400000, 0x92800000)
   the space 12288K,  65% used [0x8e800000, 0x8efd8a80, 0x8efd8c00, 0x8f400000)
    ro space 10240K,  58% used [0x92800000, 0x92de1320, 0x92de1400, 0x93200000)
    rw space 12288K,  59% used [0x93200000, 0x93916340, 0x93916400, 0x93e00000)
}
Event: 150759.954 GC heap before
{Heap before GC invocations=2694 (full 26):
 def new generation   total 97536K, used 36336K [0x6e800000, 0x751d0000, 0x792a0000)
  eden space 86720K,  39% used [0x6e800000, 0x70961510, 0x73cb0000)
  from space 10816K,  19% used [0x74740000, 0x7495aeb0, 0x751d0000)
  to   space 10816K,   0% used [0x73cb0000, 0x73cb0000, 0x74740000)
 tenured generation   total 216608K, used 189391K [0x792a0000, 0x86628000, 0x8e800000)
   the space 216608K,  87% used [0x792a0000, 0x84b93d38, 0x84b93e00, 0x86628000)
 compacting perm gen  total 12288K, used 8034K [0x8e800000, 0x8f400000, 0x92800000)
   the space 12288K,  65% used [0x8e800000, 0x8efd8a80, 0x8efd8c00, 0x8f400000)
    ro space 10240K,  58% used [0x92800000, 0x92de1320, 0x92de1400, 0x93200000)
    rw space 12288K,  59% used [0x93200000, 0x93916340, 0x93916400, 0x93e00000)
Event: 150759.967 GC heap after
Heap after GC invocations=2695 (full 26):
 def new generation   total 97536K, used 2332K [0x6e800000, 0x751d0000, 0x792a0000)
  eden space 86720K,   0% used [0x6e800000, 0x6e800000, 0x73cb0000)
  from space 10816K,  21% used [0x73cb0000, 0x73ef7230, 0x74740000)
  to   space 10816K,   0% used [0x74740000, 0x74740000, 0x751d0000)
 tenured generation   total 216608K, used 189499K [0x792a0000, 0x86628000, 0x8e800000)
   the space 216608K,  87% used [0x792a0000, 0x84baef70, 0x84baf000, 0x86628000)
 compacting perm gen  total 12288K, used 8034K [0x8e800000, 0x8f400000, 0x92800000)
   the space 12288K,  65% used [0x8e800000, 0x8efd8a80, 0x8efd8c00, 0x8f400000)
    ro space 10240K,  58% used [0x92800000, 0x92de1320, 0x92de1400, 0x93200000)
    rw space 12288K,  59% used [0x93200000, 0x93916340, 0x93916400, 0x93e00000)
}
Event: 150862.388 GC heap before
{Heap before GC invocations=2695 (full 26):
 def new generation   total 97536K, used 89052K [0x6e800000, 0x751d0000, 0x792a0000)
  eden space 86720K, 100% used [0x6e800000, 0x73cb0000, 0x73cb0000)
  from space 10816K,  21% used [0x73cb0000, 0x73ef7230, 0x74740000)
  to   space 10816K,   0% used [0x74740000, 0x74740000, 0x751d0000)
 tenured generation   total 216608K, used 189499K [0x792a0000, 0x86628000, 0x8e800000)
   the space 216608K,  87% used [0x792a0000, 0x84baef70, 0x84baf000, 0x86628000)
 compacting perm gen  total 12288K, used 8034K [0x8e800000, 0x8f400000, 0x92800000)
   the space 12288K,  65% used [0x8e800000, 0x8efd8a80, 0x8efd8c00, 0x8f400000)
    ro space 10240K,  58% used [0x92800000, 0x92de1320, 0x92de1400, 0x93200000)
    rw space 12288K,  59% used [0x93200000, 0x93916340, 0x93916400, 0x93e00000)
Event: 150862.433 GC heap after
Heap after GC invocations=2696 (full 26):
 def new generation   total 97536K, used 10816K [0x6e800000, 0x751d0000, 0x792a0000)
  eden space 86720K,   0% used [0x6e800000, 0x6e800000, 0x73cb0000)
  from space 10816K, 100% used [0x74740000, 0x751d0000, 0x751d0000)
  to   space 10816K,   0% used [0x73cb0000, 0x73cb0000, 0x74740000)
 tenured generation   total 216608K, used 207002K [0x792a0000, 0x86628000, 0x8e800000)
   the space 216608K,  95% used [0x792a0000, 0x85cc6948, 0x85cc6a00, 0x86628000)
 compacting perm gen  total 12288K, used 8034K [0x8e800000, 0x8f400000, 0x92800000)
   the space 12288K,  65% used [0x8e800000, 0x8efd8a80, 0x8efd8c00, 0x8f400000)
    ro space 10240K,  58% used [0x92800000, 0x92de1320, 0x92de1400, 0x93200000)
    rw space 12288K,  59% used [0x93200000, 0x93916340, 0x93916400, 0x93e00000)
}
Event: 150862.524 GC heap before
{Heap before GC invocations=2696 (full 26):
 def new generation   total 97536K, used 13857K [0x6e800000, 0x751d0000, 0x792a0000)
  eden space 86720K,   3% used [0x6e800000, 0x6eaf8660, 0x73cb0000)
  from space 10816K, 100% used [0x74740000, 0x751d0000, 0x751d0000)
  to   space 10816K,   0% used [0x73cb0000, 0x73cb0000, 0x74740000)
 tenured generation   total 216608K, used 207002K [0x792a0000, 0x86628000, 0x8e800000)
   the space 216608K,  95% used [0x792a0000, 0x85cc6948, 0x85cc6a00, 0x86628000)
 compacting perm gen  total 12288K, used 8034K [0x8e800000, 0x8f400000, 0x92800000)
   the space 12288K,  65% used [0x8e800000, 0x8efd8a80, 0x8efd8c00, 0x8f400000)
    ro space 10240K,  58% used [0x92800000, 0x92de1320, 0x92de1400, 0x93200000)
    rw space 12288K,  59% used [0x93200000, 0x93916340, 0x93916400, 0x93e00000)

Deoptimization events (0 events):
No events

Internal exceptions (10 events):
Event: 150759.712 Thread 0xb3c74000 Threw 0x70137c08 at /build/openjdk-7-PRlt4i/openjdk-7-7u79-2.5.6/build/openjdk/hotspot/src/share/vm/prims/jni.cpp:747
Event: 150759.973 Thread 0x09431800 Threw 0x6e8016e0 at /build/openjdk-7-PRlt4i/openjdk-7-7u79-2.5.6/build/openjdk/hotspot/src/share/vm/prims/jvm.cpp:1284
Event: 150759.973 Thread 0x09431800 Threw 0x6e802ba8 at /build/openjdk-7-PRlt4i/openjdk-7-7u79-2.5.6/build/openjdk/hotspot/src/share/vm/prims/jvm.cpp:1284
Event: 150759.973 Thread 0x09431800 Threw 0x6e803990 at /build/openjdk-7-PRlt4i/openjdk-7-7u79-2.5.6/build/openjdk/hotspot/src/share/vm/prims/jvm.cpp:1284
Event: 150759.973 Thread 0x09431800 Threw 0x6e804e58 at /build/openjdk-7-PRlt4i/openjdk-7-7u79-2.5.6/build/openjdk/hotspot/src/share/vm/prims/jvm.cpp:1284
Event: 150761.997 Thread 0xb3c74000 Threw 0x7268da98 at /build/openjdk-7-PRlt4i/openjdk-7-7u79-2.5.6/build/openjdk/hotspot/src/share/vm/prims/jni.cpp:721
Event: 150762.001 Thread 0xb3c74000 Threw 0x7269cb48 at /build/openjdk-7-PRlt4i/openjdk-7-7u79-2.5.6/build/openjdk/hotspot/src/share/vm/prims/jni.cpp:721
Event: 150762.453 Thread 0xb3c74000 Threw 0x72ff16b8 at /build/openjdk-7-PRlt4i/openjdk-7-7u79-2.5.6/build/openjdk/hotspot/src/share/vm/prims/jni.cpp:721
Event: 150762.458 Thread 0xb3c74000 Threw 0x72fffe68 at /build/openjdk-7-PRlt4i/openjdk-7-7u79-2.5.6/build/openjdk/hotspot/src/share/vm/prims/jni.cpp:721
Event: 150862.243 Thread 0xb3c74000 Threw 0x738e6ab8 at /build/openjdk-7-PRlt4i/openjdk-7-7u79-2.5.6/build/openjdk/hotspot/src/share/vm/prims/jni.cpp:747

Events (10 events):
Event: 150862.483 Executing VM operation: RevokeBias done
Event: 150862.483 Executing VM operation: RevokeBias
Event: 150862.483 Executing VM operation: RevokeBias done
Event: 150862.483 Executing VM operation: RevokeBias
Event: 150862.483 Executing VM operation: RevokeBias done
Event: 150862.483 Executing VM operation: RevokeBias
Event: 150862.483 Executing VM operation: RevokeBias done
Event: 150862.483 Executing VM operation: RevokeBias
Event: 150862.483 Executing VM operation: RevokeBias done
Event: 150862.511 Executing VM operation: GenCollectFull


Dynamic libraries:
08048000-08049000 r-xp 00000000 08:01 7512       /usr/lib/jvm/java-7-openjdk-i386/jre/bin/java
08049000-0804a000 r--p 00000000 08:01 7512       /usr/lib/jvm/java-7-openjdk-i386/jre/bin/java
0804a000-0804b000 rw-p 00001000 08:01 7512       /usr/lib/jvm/java-7-openjdk-i386/jre/bin/java
090be000-09658000 rw-p 00000000 00:00 0          [heap]
6e800000-751d0000 rw-p 00000000 00:00 0 
751d0000-792a0000 rw-p 00000000 00:00 0 
792a0000-86628000 rw-p 00000000 00:00 0 
8e800000-8f400000 rw-p 00000000 00:00 0 
8f400000-92800000 rw-p 00000000 00:00 0 
92800000-92de2000 r--p 00001000 08:01 5317       /usr/lib/jvm/java-7-openjdk-i386/jre/lib/i386/client/classes.jsa
92de2000-93200000 rw-p 00000000 00:00 0 
93200000-93917000 rw-p 005e3000 08:01 5317       /usr/lib/jvm/java-7-openjdk-i386/jre/lib/i386/client/classes.jsa
93917000-93e00000 rw-p 00000000 00:00 0 
93e00000-94112000 rw-p 00cfa000 08:01 5317       /usr/lib/jvm/java-7-openjdk-i386/jre/lib/i386/client/classes.jsa
94112000-94200000 rw-p 00000000 00:00 0 
94200000-94209000 r-xp 0100c000 08:01 5317       /usr/lib/jvm/java-7-openjdk-i386/jre/lib/i386/client/classes.jsa
94209000-94600000 rw-p 00000000 00:00 0 
b2500000-b2583000 rw-p 00000000 00:00 0 
b2583000-b2600000 ---p 00000000 00:00 0 
b2662000-b2665000 ---p 00000000 00:00 0 
b2665000-b26b3000 rwxp 00000000 00:00 0 
b26d8000-b26fe000 rw-s 00000000 00:04 165904397  /SYSV00000000 (deleted)
b2703000-b2747000 rw-s 00000000 00:04 165838859  /SYSV00000000 (deleted)
b2747000-b275f000 rw-s 00000000 00:04 164986889  /SYSV00000000 (deleted)
b275f000-b2762000 ---p 00000000 00:00 0 
b2762000-b27b0000 rwxp 00000000 00:00 0 
b27b4000-b2e0e000 rw-s 00000000 00:04 145358856  /SYSV00000000 (deleted)
b2e0e000-b2e0f000 r--s 00003000 08:01 262924     /home/user/contiki/tools/cooja/apps/powertracker/lib/powertracker.jar
b2e0f000-b2e10000 r--s 00002000 08:01 262773     /home/user/contiki/tools/cooja/apps/collect-view/cooja-collect-view.jar
b2e10000-b2e12000 r--s 00008000 08:01 262761     /home/user/contiki/tools/cooja/apps/serial_socket/lib/serial_socket.jar
b2e12000-b2e4c000 r--s 001e1000 08:01 260083     /home/user/contiki/tools/cooja/apps/avrora/lib/avrora-small.jar
b2e4c000-b2e58000 r--s 000ea000 08:01 262476     /home/user/contiki/tools/cooja/apps/mspsim/lib/mspsim.jar
b2e58000-b2e5b000 ---p 00000000 00:00 0 
b2e5b000-b2ea9000 rwxp 00000000 00:00 0 
b2ea9000-b2eac000 ---p 00000000 00:00 0 
b2eac000-b2efa000 rwxp 00000000 00:00 0 
b2efa000-b2efd000 ---p 00000000 00:00 0 
b2efd000-b2f4b000 rwxp 00000000 00:00 0 
b2f4b000-b2f50000 r--s 00000000 08:01 1417       /var/cache/fontconfig/6eb3985aa4124903f6ff08ba781cd364-le32d4.cache-4
b2f50000-b2f59000 r--s 00000000 08:01 1407       /var/cache/fontconfig/6d41288fd70b0be22e8c3a91e032eec0-le32d4.cache-4
b2f59000-b2f5e000 r--s 00000000 08:01 1087       /var/cache/fontconfig/3047814df9a2f067bd2d96a2b9c36e5a-le32d4.cache-4
b2f5e000-b2f79000 r--s 00000000 08:01 133        /var/cache/fontconfig/cabbd14511b9e8a55e92af97fb3a0461-le32d4.cache-4
b2f79000-b2f7b000 r--s 00000000 08:01 137        /var/cache/fontconfig/e13b20fdb08344e0e664864cc2ede53d-le32d4.cache-4
b2f7b000-b2fc6000 r--s 00000000 08:01 135        /var/cache/fontconfig/eeebfc908bd29a90773fd860017aada4-le32d4.cache-4
b2fc6000-b3011000 r--s 00000000 08:01 134        /var/cache/fontconfig/21a99156bb11811cef641abeda519a45-le32d4.cache-4
b3011000-b3063000 r-xp 00000000 08:01 7567       /usr/lib/jvm/java-7-openjdk-i386/jre/lib/i386/libfontmanager.so
b3063000-b3065000 r--p 00051000 08:01 7567       /usr/lib/jvm/java-7-openjdk-i386/jre/lib/i386/libfontmanager.so
b3065000-b3066000 rw-p 00053000 08:01 7567       /usr/lib/jvm/java-7-openjdk-i386/jre/lib/i386/libfontmanager.so
b3066000-b3069000 ---p 00000000 00:00 0 
b3069000-b30b7000 rwxp 00000000 00:00 0 
b30b7000-b30bb000 r-xp 00000000 08:01 12138      /usr/lib/i386-linux-gnu/libXfixes.so.3.1.0
b30bb000-b30bc000 r--p 00003000 08:01 12138      /usr/lib/i386-linux-gnu/libXfixes.so.3.1.0
b30bc000-b30bd000 rw-p 00004000 08:01 12138      /usr/lib/i386-linux-gnu/libXfixes.so.3.1.0
b30bd000-b30c6000 r-xp 00000000 08:01 35017      /usr/lib/i386-linux-gnu/libXcursor.so.1.0.2
b30c6000-b30c7000 rw-p 00009000 08:01 35017      /usr/lib/i386-linux-gnu/libXcursor.so.1.0.2
b30c7000-b30ca000 ---p 00000000 00:00 0 
b30ca000-b3118000 rwxp 00000000 00:00 0 
b3118000-b311b000 r-xp 00000000 08:01 5266       /lib/i386-linux-gnu/libgpg-error.so.0.8.0
b311b000-b311c000 rw-p 00002000 08:01 5266       /lib/i386-linux-gnu/libgpg-error.so.0.8.0
b311c000-b3166000 r-xp 00000000 08:01 4678       /lib/i386-linux-gnu/libdbus-1.so.3.7.2
b3166000-b3167000 r--p 00049000 08:01 4678       /lib/i386-linux-gnu/libdbus-1.so.3.7.2
b3167000-b3168000 rw-p 0004a000 08:01 4678       /lib/i386-linux-gnu/libdbus-1.so.3.7.2
b3168000-b3178000 r-xp 00000000 08:01 5303       /usr/lib/i386-linux-gnu/libp11-kit.so.0.0.0
b3178000-b3179000 r--p 00010000 08:01 5303       /usr/lib/i386-linux-gnu/libp11-kit.so.0.0.0
b3179000-b317a000 rw-p 00011000 08:01 5303       /usr/lib/i386-linux-gnu/libp11-kit.so.0.0.0
b317a000-b31fc000 r-xp 00000000 08:01 1923       /lib/i386-linux-gnu/libgcrypt.so.11.7.0
b31fc000-b31fd000 r--p 00081000 08:01 1923       /lib/i386-linux-gnu/libgcrypt.so.11.7.0
b31fd000-b31ff000 rw-p 00082000 08:01 1923       /lib/i386-linux-gnu/libgcrypt.so.11.7.0
b31ff000-b320f000 r-xp 00000000 08:01 2893       /usr/lib/i386-linux-gnu/libtasn1.so.3.1.16
b320f000-b3210000 r--p 0000f000 08:01 2893       /usr/lib/i386-linux-gnu/libtasn1.so.3.1.16
b3210000-b3211000 rw-p 00010000 08:01 2893       /usr/lib/i386-linux-gnu/libtasn1.so.3.1.16
b3211000-b3214000 r-xp 00000000 08:01 10640      /lib/i386-linux-gnu/libkeyutils.so.1.5
b3214000-b3215000 r--p 00002000 08:01 10640      /lib/i386-linux-gnu/libkeyutils.so.1.5
b3215000-b3216000 rw-p 00003000 08:01 10640      /lib/i386-linux-gnu/libkeyutils.so.1.5
b3216000-b3221000 r-xp 00000000 08:01 10980      /usr/lib/i386-linux-gnu/libkrb5support.so.0.1
b3221000-b3222000 r--p 0000a000 08:01 10980      /usr/lib/i386-linux-gnu/libkrb5support.so.0.1
b3222000-b3223000 rw-p 0000b000 08:01 10980      /usr/lib/i386-linux-gnu/libkrb5support.so.0.1
b3223000-b3226000 r-xp 00000000 08:01 2075       /lib/i386-linux-gnu/libcom_err.so.2.1
b3226000-b3227000 r--p 00002000 08:01 2075       /lib/i386-linux-gnu/libcom_err.so.2.1
b3227000-b3228000 rw-p 00003000 08:01 2075       /lib/i386-linux-gnu/libcom_err.so.2.1
b3228000-b3258000 r-xp 00000000 08:01 10660      /usr/lib/i386-linux-gnu/libk5crypto.so.3.1
b3258000-b3259000 r--p 00030000 08:01 10660      /usr/lib/i386-linux-gnu/libk5crypto.so.3.1
b3259000-b325a000 rw-p 00031000 08:01 10660      /usr/lib/i386-linux-gnu/libk5crypto.so.3.1
b325a000-b325b000 rw-p 00000000 00:00 0 
b325b000-b3329000 r-xp 00000000 08:01 10903      /usr/lib/i386-linux-gnu/libkrb5.so.3.3
b3329000-b332f000 r--p 000ce000 08:01 10903      /usr/lib/i386-linux-gnu/libkrb5.so.3.3
b332f000-b3331000 rw-p 000d4000 08:01 10903      /usr/lib/i386-linux-gnu/libkrb5.so.3.3
b3331000-b3336000 r-xp 00000000 08:01 11070      /usr/lib/i386-linux-gnu/libXdmcp.so.6.0.0
b3336000-b3337000 rw-p 00004000 08:01 11070      /usr/lib/i386-linux-gnu/libXdmcp.so.6.0.0
b3337000-b335d000 r-xp 00000000 08:01 29221      /lib/i386-linux-gnu/libexpat.so.1.6.0
b335d000-b335f000 r--p 00026000 08:01 29221      /lib/i386-linux-gnu/libexpat.so.1.6.0
b335f000-b3360000 rw-p 00028000 08:01 29221      /lib/i386-linux-gnu/libexpat.so.1.6.0
b3360000-b33f7000 r-xp 00000000 08:01 5355       /usr/lib/i386-linux-gnu/libfreetype.so.6.8.1
b33f7000-b33fb000 r--p 00097000 08:01 5355       /usr/lib/i386-linux-gnu/libfreetype.so.6.8.1
b33fb000-b33fc000 rw-p 0009b000 08:01 5355       /usr/lib/i386-linux-gnu/libfreetype.so.6.8.1
b33fc000-b340c000 r-xp 00000000 08:01 33384      /usr/lib/i386-linux-gnu/libavahi-client.so.3.2.9
b340c000-b340d000 r--p 0000f000 08:01 33384      /usr/lib/i386-linux-gnu/libavahi-client.so.3.2.9
b340d000-b340e000 rw-p 00010000 08:01 33384      /usr/lib/i386-linux-gnu/libavahi-client.so.3.2.9
b340e000-b341a000 r-xp 00000000 08:01 33371      /usr/lib/i386-linux-gnu/libavahi-common.so.3.5.3
b341a000-b341b000 r--p 0000b000 08:01 33371      /usr/lib/i386-linux-gnu/libavahi-common.so.3.5.3
b341b000-b341c000 rw-p 0000c000 08:01 33371      /usr/lib/i386-linux-gnu/libavahi-common.so.3.5.3
b341c000-b34df000 r-xp 00000000 08:01 3169       /usr/lib/i386-linux-gnu/libgnutls.so.26.22.4
b34df000-b34e3000 r--p 000c2000 08:01 3169       /usr/lib/i386-linux-gnu/libgnutls.so.26.22.4
b34e3000-b34e4000 rw-p 000c6000 08:01 3169       /usr/lib/i386-linux-gnu/libgnutls.so.26.22.4
b34e4000-b34e5000 rw-p 00000000 00:00 0 
b34e5000-b3533000 r-xp 00000000 08:01 10680      /usr/lib/i386-linux-gnu/libgssapi_krb5.so.2.2
b3533000-b3535000 r--p 0004e000 08:01 10680      /usr/lib/i386-linux-gnu/libgssapi_krb5.so.2.2
b3535000-b3536000 rw-p 00050000 08:01 10680      /usr/lib/i386-linux-gnu/libgssapi_krb5.so.2.2
b3536000-b3557000 r-xp 00000000 08:01 11084      /usr/lib/i386-linux-gnu/libxcb.so.1.1.0
b3557000-b3558000 r--p 00020000 08:01 11084      /usr/lib/i386-linux-gnu/libxcb.so.1.1.0
b3558000-b3559000 rw-p 00021000 08:01 11084      /usr/lib/i386-linux-gnu/libxcb.so.1.1.0
b3559000-b3599000 r-xp 00000000 08:01 60972      /usr/lib/i386-linux-gnu/libfontconfig.so.1.8.0
b3599000-b359a000 r--p 0003f000 08:01 60972      /usr/lib/i386-linux-gnu/libfontconfig.so.1.8.0
b359a000-b359b000 rw-p 00040000 08:01 60972      /usr/lib/i386-linux-gnu/libfontconfig.so.1.8.0
b359b000-b35ed000 r-xp 00000000 08:01 5676       /usr/lib/i386-linux-gnu/libcups.so.2
b35ed000-b35f0000 r--p 00051000 08:01 5676       /usr/lib/i386-linux-gnu/libcups.so.2
b35f0000-b35f1000 rw-p 00054000 08:01 5676       /usr/lib/i386-linux-gnu/libcups.so.2
b35f1000-b35ff000 r-xp 00000000 08:01 35023      /usr/lib/i386-linux-gnu/libXi.so.6.1.0
b35ff000-b3600000 rw-p 0000e000 08:01 35023      /usr/lib/i386-linux-gnu/libXi.so.6.1.0
b3600000-b3605000 r-xp 00000000 08:01 35953      /usr/lib/i386-linux-gnu/libXtst.so.6.1.0
b3605000-b3606000 rw-p 00004000 08:01 35953      /usr/lib/i386-linux-gnu/libXtst.so.6.1.0
b3606000-b360f000 r-xp 00000000 08:01 21445      /usr/lib/i386-linux-gnu/libXrender.so.1.3.0
b360f000-b3610000 rw-p 00008000 08:01 21445      /usr/lib/i386-linux-gnu/libXrender.so.1.3.0
b3610000-b3744000 r-xp 00000000 08:01 11103      /usr/lib/i386-linux-gnu/libX11.so.6.3.0
b3744000-b3748000 rw-p 00133000 08:01 11103      /usr/lib/i386-linux-gnu/libX11.so.6.3.0
b3748000-b3759000 r-xp 00000000 08:01 12057      /usr/lib/i386-linux-gnu/libXext.so.6.4.0
b3759000-b375a000 rw-p 00010000 08:01 12057      /usr/lib/i386-linux-gnu/libXext.so.6.4.0
b375a000-b37a3000 r-xp 00000000 08:01 6831       /usr/lib/jvm/java-7-openjdk-i386/jre/lib/i386/xawt/libmawt.so
b37a3000-b37a4000 r--p 00049000 08:01 6831       /usr/lib/jvm/java-7-openjdk-i386/jre/lib/i386/xawt/libmawt.so
b37a4000-b37a6000 rw-p 0004a000 08:01 6831       /usr/lib/jvm/java-7-openjdk-i386/jre/lib/i386/xawt/libmawt.so
b37a6000-b37a7000 rw-p 00000000 00:00 0 
b37a7000-b383b000 r-xp 00000000 08:01 7565       /usr/lib/jvm/java-7-openjdk-i386/jre/lib/i386/libawt.so
b383b000-b383c000 r--p 00093000 08:01 7565       /usr/lib/jvm/java-7-openjdk-i386/jre/lib/i386/libawt.so
b383c000-b3843000 rw-p 00094000 08:01 7565       /usr/lib/jvm/java-7-openjdk-i386/jre/lib/i386/libawt.so
b3843000-b3867000 rw-p 00000000 00:00 0 
b3867000-b38a4000 r-xp 00000000 08:01 28289      /lib/i386-linux-gnu/libpcre.so.3.13.1
b38a4000-b38a5000 rw-p 0003c000 08:01 28289      /lib/i386-linux-gnu/libpcre.so.3.13.1
b38a5000-b38ab000 r-xp 00000000 08:01 61051      /usr/lib/i386-linux-gnu/libffi.so.6.0.2
b38ab000-b38ac000 r--p 00005000 08:01 61051      /usr/lib/i386-linux-gnu/libffi.so.6.0.2
b38ac000-b38ad000 rw-p 00006000 08:01 61051      /usr/lib/i386-linux-gnu/libffi.so.6.0.2
b38ad000-b38c0000 r-xp 00000000 08:01 4711       /lib/i386-linux-gnu/i686/cmov/libresolv-2.19.so
b38c0000-b38c1000 r--p 00012000 08:01 4711       /lib/i386-linux-gnu/i686/cmov/libresolv-2.19.so
b38c1000-b38c2000 rw-p 00013000 08:01 4711       /lib/i386-linux-gnu/i686/cmov/libresolv-2.19.so
b38c2000-b38c4000 rw-p 00000000 00:00 0 
b38c4000-b39ea000 r-xp 00000000 08:01 51287      /lib/i386-linux-gnu/libglib-2.0.so.0.4200.1
b39ea000-b39eb000 r--p 00125000 08:01 51287      /lib/i386-linux-gnu/libglib-2.0.so.0.4200.1
b39eb000-b39ec000 rw-p 00126000 08:01 51287      /lib/i386-linux-gnu/libglib-2.0.so.0.4200.1
b39ec000-b3a48000 r-xp 00000000 08:01 51289      /usr/lib/i386-linux-gnu/libgobject-2.0.so.0.4200.1
b3a48000-b3a49000 r--p 0005b000 08:01 51289      /usr/lib/i386-linux-gnu/libgobject-2.0.so.0.4200.1
b3a49000-b3a4a000 rw-p 0005c000 08:01 51289      /usr/lib/i386-linux-gnu/libgobject-2.0.so.0.4200.1
b3a4a000-b3bfb000 r-xp 00000000 08:01 59678      /usr/lib/i386-linux-gnu/libgio-2.0.so.0.4200.1
b3bfb000-b3bfe000 r--p 001b0000 08:01 59678      /usr/lib/i386-linux-gnu/libgio-2.0.so.0.4200.1
b3bfe000-b3bff000 rw-p 001b3000 08:01 59678      /usr/lib/i386-linux-gnu/libgio-2.0.so.0.4200.1
b3bff000-b3c00000 rw-p 00000000 00:00 0 
b3c00000-b3cf8000 rw-p 00000000 00:00 0 
b3cf8000-b3d00000 ---p 00000000 00:00 0 
b3d00000-b3d01000 r--s 00008000 08:01 262726     /home/user/contiki/tools/cooja/apps/avrora/lib/cooja_avrora.jar
b3d01000-b3d03000 r-xp 00000000 08:01 11057      /usr/lib/i386-linux-gnu/libXau.so.6.0.0
b3d03000-b3d04000 rw-p 00001000 08:01 11057      /usr/lib/i386-linux-gnu/libXau.so.6.0.0
b3d04000-b3d22000 r-xp 00000000 08:01 705        /lib/i386-linux-gnu/libselinux.so.1
b3d22000-b3d23000 r--p 0001d000 08:01 705        /lib/i386-linux-gnu/libselinux.so.1
b3d23000-b3d24000 rw-p 0001e000 08:01 705        /lib/i386-linux-gnu/libselinux.so.1
b3d24000-b3d26000 r--s 00010000 08:01 262477     /home/user/contiki/tools/cooja/apps/mspsim/lib/jipv6.jar
b3d26000-b3d27000 r--s 00004000 08:01 262497     /home/user/contiki/tools/cooja/apps/mspsim/lib/coffee.jar
b3d27000-b3d2d000 r--s 00062000 08:01 262698     /home/user/contiki/tools/cooja/apps/mspsim/lib/cooja_mspsim.jar
b3d2d000-b3d2f000 r--s 0001e000 08:01 261947     /home/user/contiki/tools/cooja/apps/mrm/lib/mrm.jar
b3d2f000-b3d46000 r-xp 00000000 08:01 7594       /usr/lib/jvm/java-7-openjdk-i386/jre/lib/i386/libnet.so
b3d46000-b3d47000 r--p 00016000 08:01 7594       /usr/lib/jvm/java-7-openjdk-i386/jre/lib/i386/libnet.so
b3d47000-b3d48000 rw-p 00017000 08:01 7594       /usr/lib/jvm/java-7-openjdk-i386/jre/lib/i386/libnet.so
b3d48000-b3d59000 r-xp 00000000 08:01 7597       /usr/lib/jvm/java-7-openjdk-i386/jre/lib/i386/libnio.so
b3d59000-b3d5a000 r--p 00010000 08:01 7597       /usr/lib/jvm/java-7-openjdk-i386/jre/lib/i386/libnio.so
b3d5a000-b3d5b000 rw-p 00011000 08:01 7597       /usr/lib/jvm/java-7-openjdk-i386/jre/lib/i386/libnio.so
b3d5b000-b3d65000 r--s 000ae000 08:01 7544       /usr/lib/jvm/java-7-openjdk-i386/jre/lib/resources.jar
b3d65000-b3d82000 r--s 0014f000 08:01 261870     /home/user/contiki/tools/cooja/dist/lib/swingx-all-1.6.4.jar
b3d82000-b3d83000 ---p 00000000 00:00 0 
b3d83000-b3e54000 rwxp 00000000 00:00 0 
b3e54000-b3e55000 ---p 00000000 00:00 0 
b3e55000-b3f26000 rwxp 00000000 00:00 0 
b3f26000-b40af000 r--p 00000000 08:01 13993      /usr/lib/locale/locale-archive
b40af000-b4100000 rwxp 00000000 00:00 0 
b4100000-b41f7000 rw-p 00000000 00:00 0 
b41f7000-b4200000 ---p 00000000 00:00 0 
b4200000-b4203000 r-xp 00000000 08:01 51290      /usr/lib/i386-linux-gnu/libgmodule-2.0.so.0.4200.1
b4203000-b4204000 r--p 00002000 08:01 51290      /usr/lib/i386-linux-gnu/libgmodule-2.0.so.0.4200.1
b4204000-b4205000 rw-p 00003000 08:01 51290      /usr/lib/i386-linux-gnu/libgmodule-2.0.so.0.4200.1
b4205000-b420c000 r--s 0005b000 08:01 261868     /home/user/contiki/tools/cooja/dist/lib/jsyntaxpane.jar
b420c000-b420f000 r--s 00022000 08:01 261867     /home/user/contiki/tools/cooja/dist/lib/jdom.jar
b420f000-b4216000 r--s 0004f000 08:01 261869     /home/user/contiki/tools/cooja/dist/lib/log4j.jar
b4216000-b4229000 r--s 000fa000 08:01 261861     /home/user/contiki/tools/cooja/dist/cooja.jar
b4229000-b422d000 r--s 0003c000 08:01 7625       /usr/lib/jvm/java-7-openjdk-i386/jre/lib/ext/sunpkcs11.jar
b422d000-b4231000 r--s 00085000 08:01 7620       /usr/lib/jvm/java-7-openjdk-i386/jre/lib/ext/localedata.jar
b4231000-b4233000 r--s 00012000 08:01 7616       /usr/lib/jvm/java-7-openjdk-i386/jre/lib/ext/zipfs.jar
b4233000-b4237000 r--s 00034000 08:01 7618       /usr/lib/jvm/java-7-openjdk-i386/jre/lib/ext/sunjce_provider.jar
b4237000-b4288000 rwxp 00000000 00:00 0 
b4288000-b4289000 ---p 00000000 00:00 0 
b4289000-b4309000 rwxp 00000000 00:00 0 
b4309000-b4352000 rw-p 00000000 00:00 0 
b4352000-b4503000 r--s 01d29000 08:01 57842      /usr/lib/jvm/java-7-openjdk-i386/jre/lib/rt.jar
b4503000-b4511000 rw-p 00000000 00:00 0 
b4511000-b452b000 rw-p 00000000 00:00 0 
b452b000-b4595000 rw-p 00000000 00:00 0 
b4595000-b45d6000 rw-p 00000000 00:00 0 
b45d6000-b460b000 rw-p 00000000 00:00 0 
b460b000-b462b000 rw-p 00000000 00:00 0 
b462b000-b4696000 rw-p 00000000 00:00 0 
b4696000-b46d6000 rw-p 00000000 00:00 0 
b46d6000-b46dc000 rw-p 00000000 00:00 0 
b46dc000-b46f6000 rw-p 00000000 00:00 0 
b46f6000-b471c000 rw-p 00000000 00:00 0 
b471c000-b4782000 rw-p 00000000 00:00 0 
b4782000-b4de2000 rwxp 00000000 00:00 0 
b4de2000-b6782000 rw-p 00000000 00:00 0 
b6782000-b678d000 r-xp 00000000 08:01 2428       /lib/i386-linux-gnu/i686/cmov/libnss_files-2.19.so
b678d000-b678e000 r--p 0000a000 08:01 2428       /lib/i386-linux-gnu/i686/cmov/libnss_files-2.19.so
b678e000-b678f000 rw-p 0000b000 08:01 2428       /lib/i386-linux-gnu/i686/cmov/libnss_files-2.19.so
b678f000-b6799000 r-xp 00000000 08:01 3077       /lib/i386-linux-gnu/i686/cmov/libnss_nis-2.19.so
b6799000-b679a000 r--p 00009000 08:01 3077       /lib/i386-linux-gnu/i686/cmov/libnss_nis-2.19.so
b679a000-b679b000 rw-p 0000a000 08:01 3077       /lib/i386-linux-gnu/i686/cmov/libnss_nis-2.19.so
b679b000-b67b0000 r-xp 00000000 08:01 1471       /lib/i386-linux-gnu/i686/cmov/libnsl-2.19.so
b67b0000-b67b1000 r--p 00015000 08:01 1471       /lib/i386-linux-gnu/i686/cmov/libnsl-2.19.so
b67b1000-b67b2000 rw-p 00016000 08:01 1471       /lib/i386-linux-gnu/i686/cmov/libnsl-2.19.so
b67b2000-b67b4000 rw-p 00000000 00:00 0 
b67b4000-b67bb000 r-xp 00000000 08:01 1472       /lib/i386-linux-gnu/i686/cmov/libnss_compat-2.19.so
b67bb000-b67bc000 r--p 00006000 08:01 1472       /lib/i386-linux-gnu/i686/cmov/libnss_compat-2.19.so
b67bc000-b67bd000 rw-p 00007000 08:01 1472       /lib/i386-linux-gnu/i686/cmov/libnss_compat-2.19.so
b67bd000-b67be000 r--s 00002000 08:01 7622       /usr/lib/jvm/java-7-openjdk-i386/jre/lib/ext/dnsns.jar
b67be000-b67c6000 r-xp 00000000 08:01 7607       /usr/lib/jvm/java-7-openjdk-i386/jre/lib/i386/libzip.so
b67c6000-b67c7000 r--p 00007000 08:01 7607       /usr/lib/jvm/java-7-openjdk-i386/jre/lib/i386/libzip.so
b67c7000-b67c8000 rw-p 00008000 08:01 7607       /usr/lib/jvm/java-7-openjdk-i386/jre/lib/i386/libzip.so
b67c8000-b67ef000 r-xp 00000000 08:01 7576       /usr/lib/jvm/java-7-openjdk-i386/jre/lib/i386/libjava.so
b67ef000-b67f0000 r--p 00026000 08:01 7576       /usr/lib/jvm/java-7-openjdk-i386/jre/lib/i386/libjava.so
b67f0000-b67f1000 rw-p 00027000 08:01 7576       /usr/lib/jvm/java-7-openjdk-i386/jre/lib/i386/libjava.so
b67f1000-b67fe000 r-xp 00000000 08:01 7604       /usr/lib/jvm/java-7-openjdk-i386/jre/lib/i386/libverify.so
b67fe000-b67ff000 r--p 0000d000 08:01 7604       /usr/lib/jvm/java-7-openjdk-i386/jre/lib/i386/libverify.so
b67ff000-b6800000 rw-p 0000e000 08:01 7604       /usr/lib/jvm/java-7-openjdk-i386/jre/lib/i386/libverify.so
b6800000-b68fa000 rw-p 00000000 00:00 0 
b68fa000-b6900000 ---p 00000000 00:00 0 
b6900000-b6903000 r--s 0000f000 08:01 12188      /usr/lib/jvm/java-7-openjdk-i386/jre/lib/ext/icedtea-sound.jar
b6903000-b6909000 rw-p 00000000 00:00 0 
b6909000-b6910000 r-xp 00000000 08:01 4715       /lib/i386-linux-gnu/i686/cmov/librt-2.19.so
b6910000-b6911000 r--p 00006000 08:01 4715       /lib/i386-linux-gnu/i686/cmov/librt-2.19.so
b6911000-b6912000 rw-p 00007000 08:01 4715       /lib/i386-linux-gnu/i686/cmov/librt-2.19.so
b6912000-b6915000 ---p 00000000 00:00 0 
b6915000-b6963000 rwxp 00000000 00:00 0 
b6963000-b697f000 r-xp 00000000 08:01 203        /lib/i386-linux-gnu/libgcc_s.so.1
b697f000-b6980000 rw-p 0001b000 08:01 203        /lib/i386-linux-gnu/libgcc_s.so.1
b6980000-b69c4000 r-xp 00000000 08:01 1469       /lib/i386-linux-gnu/i686/cmov/libm-2.19.so
b69c4000-b69c5000 r--p 00043000 08:01 1469       /lib/i386-linux-gnu/i686/cmov/libm-2.19.so
b69c5000-b69c6000 rw-p 00044000 08:01 1469       /lib/i386-linux-gnu/i686/cmov/libm-2.19.so
b69c6000-b6aa6000 r-xp 00000000 08:01 2523       /usr/lib/i386-linux-gnu/libstdc++.so.6.0.17
b6aa6000-b6aaa000 r--p 000e0000 08:01 2523       /usr/lib/i386-linux-gnu/libstdc++.so.6.0.17
b6aaa000-b6aab000 rw-p 000e4000 08:01 2523       /usr/lib/i386-linux-gnu/libstdc++.so.6.0.17
b6aab000-b6ab2000 rw-p 00000000 00:00 0 
b6ab2000-b70c1000 r-xp 00000000 08:01 7613       /usr/lib/jvm/java-7-openjdk-i386/jre/lib/i386/client/libjvm.so
b70c1000-b70d9000 r--p 0060e000 08:01 7613       /usr/lib/jvm/java-7-openjdk-i386/jre/lib/i386/client/libjvm.so
b70d9000-b70e8000 rw-p 00626000 08:01 7613       /usr/lib/jvm/java-7-openjdk-i386/jre/lib/i386/client/libjvm.so
b70e8000-b7503000 rw-p 00000000 00:00 0 
b7503000-b751a000 r-xp 00000000 08:01 2512       /lib/i386-linux-gnu/libz.so.1.2.7
b751a000-b751b000 r--p 00016000 08:01 2512       /lib/i386-linux-gnu/libz.so.1.2.7
b751b000-b751c000 rw-p 00017000 08:01 2512       /lib/i386-linux-gnu/libz.so.1.2.7
b751c000-b76c1000 r-xp 00000000 08:01 1465       /lib/i386-linux-gnu/i686/cmov/libc-2.19.so
b76c1000-b76c3000 r--p 001a5000 08:01 1465       /lib/i386-linux-gnu/i686/cmov/libc-2.19.so
b76c3000-b76c4000 rw-p 001a7000 08:01 1465       /lib/i386-linux-gnu/i686/cmov/libc-2.19.so
b76c4000-b76c7000 rw-p 00000000 00:00 0 
b76c7000-b76ca000 r-xp 00000000 08:01 1468       /lib/i386-linux-gnu/i686/cmov/libdl-2.19.so
b76ca000-b76cb000 r--p 00002000 08:01 1468       /lib/i386-linux-gnu/i686/cmov/libdl-2.19.so
b76cb000-b76cc000 rw-p 00003000 08:01 1468       /lib/i386-linux-gnu/i686/cmov/libdl-2.19.so
b76cc000-b76d9000 r-xp 00000000 08:01 7611       /usr/lib/jvm/java-7-openjdk-i386/jre/lib/i386/jli/libjli.so
b76d9000-b76da000 r--p 0000c000 08:01 7611       /usr/lib/jvm/java-7-openjdk-i386/jre/lib/i386/jli/libjli.so
b76da000-b76db000 rw-p 0000d000 08:01 7611       /usr/lib/jvm/java-7-openjdk-i386/jre/lib/i386/jli/libjli.so
b76db000-b76f3000 r-xp 00000000 08:01 1460       /lib/i386-linux-gnu/i686/cmov/libpthread-2.19.so
b76f3000-b76f4000 r--p 00017000 08:01 1460       /lib/i386-linux-gnu/i686/cmov/libpthread-2.19.so
b76f4000-b76f5000 rw-p 00018000 08:01 1460       /lib/i386-linux-gnu/i686/cmov/libpthread-2.19.so
b76f5000-b76f8000 rw-p 00000000 00:00 0 
b76f8000-b76f9000 r--s 00007000 08:01 128902     /usr/share/java/java-atk-wrapper.jar
b76f9000-b7701000 rw-s 00000000 08:01 262980     /tmp/hsperfdata_user/7567
b7701000-b7702000 rw-p 00000000 00:00 0 
b7702000-b7703000 ---p 00000000 00:00 0 
b7703000-b7705000 rw-p 00000000 00:00 0 
b7705000-b7706000 r-xp 00000000 00:00 0          [vdso]
b7706000-b7725000 r-xp 00000000 08:01 11676      /lib/i386-linux-gnu/ld-2.19.so
b7725000-b7726000 r--p 0001f000 08:01 11676      /lib/i386-linux-gnu/ld-2.19.so
b7726000-b7727000 rw-p 00020000 08:01 11676      /lib/i386-linux-gnu/ld-2.19.so
bfa98000-bfa99000 rwxp 00000000 00:00 0 
bfacb000-bfaeb000 rwxp 00000000 00:00 0          [stack]
bfaeb000-bfaec000 rw-p 00000000 00:00 0 

VM Arguments:
jvm_args: -Xmx512m 
java_command: /home/user/contiki/tools/cooja/dist/cooja.jar -contiki=/home/user/contiki
Launcher Type: SUN_STANDARD

Environment Variables:
JAVA_HOME=/usr/lib/jvm/java-1.7.0-openjdk-i386
PATH=/home/user/tos-tools/bin:/home/user/bin:/usr/local/bin:/usr/bin:/bin:/usr/local/games:/usr/games
SHELL=/usr/bin/zsh
DISPLAY=:0.0

Signal Handlers:
SIGSEGV: [libjvm.so+0x4e4050], sa_mask[0]=0x7ffbfeff, sa_flags=0x10000004
SIGBUS: [libjvm.so+0x4e4050], sa_mask[0]=0x7ffbfeff, sa_flags=0x10000004
SIGFPE: [libjvm.so+0x3c0fb0], sa_mask[0]=0x7ffbfeff, sa_flags=0x10000004
SIGPIPE: [libjvm.so+0x3c0fb0], sa_mask[0]=0x7ffbfeff, sa_flags=0x10000004
SIGXFSZ: [libjvm.so+0x3c0fb0], sa_mask[0]=0x7ffbfeff, sa_flags=0x10000004
SIGILL: [libjvm.so+0x3c0fb0], sa_mask[0]=0x7ffbfeff, sa_flags=0x10000004
SIGUSR1: SIG_DFL, sa_mask[0]=0x00000000, sa_flags=0x00000000
SIGUSR2: [libjvm.so+0x3c1120], sa_mask[0]=0x00000000, sa_flags=0x10000004
SIGHUP: [libjvm.so+0x3c1570], sa_mask[0]=0x7ffbfeff, sa_flags=0x10000004
SIGINT: [libjvm.so+0x3c1570], sa_mask[0]=0x7ffbfeff, sa_flags=0x10000004
SIGTERM: [libjvm.so+0x3c1570], sa_mask[0]=0x7ffbfeff, sa_flags=0x10000004
SIGQUIT: [libjvm.so+0x3c1570], sa_mask[0]=0x7ffbfeff, sa_flags=0x10000004
SIGTRAP: SIG_DFL, sa_mask[0]=0x00000000, sa_flags=0x00000000


---------------  S Y S T E M  ---------------

OS:7.9

uname:Linux 3.2.0-4-686-pae #1 SMP Debian 3.2.68-1+deb7u3 i686
libc:glibc 2.19 NPTL 2.19 
rlimit: STACK 8192k, CORE 0k, NPROC 3937, NOFILE 4096, AS infinity
load average:1.19 0.69 0.49

/proc/meminfo:
MemTotal:         514380 kB
MemFree:           10584 kB
Buffers:            1812 kB
Cached:            51876 kB
SwapCached:            0 kB
Active:           449896 kB
Inactive:          32428 kB
Active(anon):     428804 kB
Inactive(anon):    10032 kB
Active(file):      21092 kB
Inactive(file):    22396 kB
Unevictable:           0 kB
Mlocked:               0 kB
HighTotal:             0 kB
HighFree:              0 kB
LowTotal:         514380 kB
LowFree:           10584 kB
SwapTotal:             0 kB
SwapFree:              0 kB
Dirty:               100 kB
Writeback:             0 kB
AnonPages:        428636 kB
Mapped:            33104 kB
Shmem:             10200 kB
Slab:              11164 kB
SReclaimable:       4316 kB
SUnreclaim:         6848 kB
KernelStack:        1624 kB
PageTables:         3252 kB
NFS_Unstable:          0 kB
Bounce:                0 kB
WritebackTmp:          0 kB
CommitLimit:      257188 kB
Committed_AS:     748932 kB
VmallocTotal:     510008 kB
VmallocUsed:       19592 kB
VmallocChunk:     486384 kB
HardwareCorrupted:     0 kB
AnonHugePages:         0 kB
HugePages_Total:       0
HugePages_Free:        0
HugePages_Rsvd:        0
HugePages_Surp:        0
Hugepagesize:       2048 kB
DirectMap4k:       28608 kB
DirectMap2M:      495616 kB


CPU:total 1 (1 cores per cpu, 1 threads per core) family 6 model 61 stepping 4, cmov, cx8, fxsr, mmx, sse, sse2, sse3, ssse3, sse4.1, sse4.2, popcnt, avx, aes, tsc, tscinvbit

/proc/cpuinfo:
processor	: 0
vendor_id	: GenuineIntel
cpu family	: 6
model		: 61
model name	: Intel(R) Core(TM) M-5Y10c CPU @ 0.80GHz
stepping	: 4
cpu MHz		: 997.691
cache size	: 4096 KB
fdiv_bug	: no
hlt_bug		: no
f00f_bug	: no
coma_bug	: no
fpu		: yes
fpu_exception	: yes
cpuid level	: 20
wp		: yes
flags		: fpu vme de pse tsc msr pae mce cx8 apic sep mtrr pge mca cmov pat pse36 clflush mmx fxsr sse sse2 syscall nx rdtscp lm constant_tsc up xtopology nonstop_tsc pni pclmulqdq monitor ssse3 cx16 sse4_1 sse4_2 movbe popcnt aes xsave avx rdrand hypervisor lahf_lm abm 3dnowprefetch
bogomips	: 1995.38
clflush size	: 64
cache_alignment	: 64
address sizes	: 39 bits physical, 48 bits virtual
power management:



Memory: 4k page, physical 514380k(10584k free), swap 0k(0k free)

vm_info: OpenJDK Client VM (24.79-b02) for linux-x86 JRE (1.7.0_79-b14), built on Jul 24 2015 16:35:14 by "buildd" with gcc 4.7.2

time: Mon Aug 28 14:04:40 2017
elapsed time: 150864 seconds

