#
# There is insufficient memory for the Java Runtime Environment to continue.
# Native memory allocation (malloc) failed to allocate 112463872 bytes for committing reserved memory.
# Possible reasons:
#   The system is out of physical RAM or swap space
#   In 32 bit mode, the process size limit was hit
# Possible solutions:
#   Reduce memory load on the system
#   Increase physical memory or swap space
#   Check if swap backing store is full
#   Use 64 bit Java on a 64 bit OS
#   Decrease Java heap size (-Xmx/-Xms)
#   Decrease number of Java threads
#   Decrease Java thread stack sizes (-Xss)
#   Set larger code cache with -XX:ReservedCodeCacheSize=
# This output file may be truncated or incomplete.
#
#  Out of Memory Error (os_linux.cpp:2809), pid=3263, tid=3023760192
#
# JRE version: OpenJDK Runtime Environment (7.0_79-b14) (build 1.7.0_79-b14)
# Java VM: OpenJDK Client VM (24.79-b02 mixed mode, sharing linux-x86 )
# Derivative: IcedTea 2.5.6
# Distribution: Debian GNU/Linux 7.8 (wheezy), package 7u79-2.5.6-1~deb7u1
# Failed to write core dump. Core dumps have been disabled. To enable core dumping, try "ulimit -c unlimited" before starting Java again
#

---------------  T H R E A D  ---------------

Current thread (0xb6830000):  VMThread [stack: 0xb432e000,0xb43af000] [id=3265]

Stack: [0xb432e000,0xb43af000]
[error occurred during error reporting (printing stack bounds), id 0xb]

VM_Operation (0xb2fb8060): GenCollectForAllocation, mode: safepoint, requested by thread 0xb3d7c000


---------------  P R O C E S S  ---------------

Java Threads: ( => current thread )
  0x08de7c00 JavaThread "Thread-12" [_thread_blocked, id=3460, stack(0xb26b7000,0xb2708000)]
  0x08a3b000 JavaThread "TimerQueue" daemon [_thread_blocked, id=3276, stack(0xb2f19000,0xb2f6a000)]
  0xb6807400 JavaThread "DestroyJavaVM" [_thread_blocked, id=3264, stack(0xb69d8000,0xb6a29000)]
  0xb3d7c000 JavaThread "AWT-EventQueue-0" [_thread_blocked, id=3275, stack(0xb2f6a000,0xb2fbb000)]
  0xb3d7b800 JavaThread "AWT-Shutdown" [_thread_blocked, id=3274, stack(0xb2fbb000,0xb300c000)]
  0xb3d57c00 JavaThread "AWT-XAWT" daemon [_thread_blocked, id=3273, stack(0xb3127000,0xb3178000)]
  0xb3d49c00 JavaThread "Java2D Disposer" daemon [_thread_blocked, id=3272, stack(0xb3188000,0xb31d9000)]
  0xb684c800 JavaThread "Service Thread" daemon [_thread_blocked, id=3270, stack(0xb3eb2000,0xb3f03000)]
  0xb684a800 JavaThread "C1 CompilerThread0" daemon [_thread_blocked, id=3269, stack(0xb3f03000,0xb3f84000)]
  0xb6848c00 JavaThread "Signal Dispatcher" daemon [_thread_blocked, id=3268, stack(0xb3f84000,0xb3fd5000)]
  0xb6833000 JavaThread "Finalizer" daemon [_thread_blocked, id=3267, stack(0xb415e000,0xb41af000)]
  0xb6831800 JavaThread "Reference Handler" daemon [_thread_blocked, id=3266, stack(0xb41af000,0xb4200000)]

Other Threads:
=>0xb6830000 VMThread [stack: 0xb432e000,0xb43af000] [id=3265]
  0xb684ec00 WatcherThread [stack: 0xb3e31000,0xb3eb2000] [id=3271]

VM state:at safepoint (normal execution)

VM Mutex/Monitor currently owned by a thread:  ([mutex/lock_event])
[0xb6804d78] Threads_lock - owner thread: 0xb6830000
[0xb6805188] Heap_lock - owner thread: 0xb3d7c000

Heap
 def new generation   total 107712K, used 0K [0x6e800000, 0x75cd0000, 0x792a0000)
  eden space 95808K,   0% used [0x6e800000, 0x6e800000, 0x74590000)
  from space 11904K,   0% used [0x74590000, 0x74590000, 0x75130000)
  to   space 11904K,   0% used [0x75130000, 0x75130000, 0x75cd0000)
 tenured generation   total 239740K, used 235434K [0x792a0000, 0x87cbf000, 0x8e800000)
   the space 239740K,  98% used [0x792a0000, 0x8788abd0, 0x8788ac00, 0x87cbf000)
 compacting perm gen  total 12288K, used 8199K [0x8e800000, 0x8f400000, 0x92800000)
   the space 12288K,  66% used [0x8e800000, 0x8f001db0, 0x8f001e00, 0x8f400000)
    ro space 10240K,  58% used [0x92800000, 0x92de1320, 0x92de1400, 0x93200000)
    rw space 12288K,  59% used [0x93200000, 0x93916340, 0x93916400, 0x93e00000)

Card table byte_map: [0xb4654000,0xb4780000] byte_map_base: 0xb42e0000

Polling page: 0xb77c8000

Code Cache  [0xb4800000, 0xb4e08000, 0xb6800000)
 total_blobs=3732 nmethods=3413 adapters=250 free_code_cache=26596Kb largest_free_block=27233088

Compilation events (10 events):
Event: 3162.053 Thread 0xb684a800 3424             javax.swing.plaf.nimbus.SynthPainterImpl::paintScrollPaneBorder (15 bytes)
Event: 3162.053 Thread 0xb684a800 nmethod 3424 0xb4bf9c48 code [0xb4bf9d50, 0xb4bf9e54]
Event: 3209.969 Thread 0xb684a800 3425             javax.swing.JViewport$ViewListener::componentResized (15 bytes)
Event: 3209.972 Thread 0xb684a800 nmethod 3425 0xb4b31008 code [0xb4b31110, 0xb4b311c4]
Event: 3212.610 Thread 0xb684a800 3426             java.util.HashSet::size (8 bytes)
Event: 3212.613 Thread 0xb684a800 nmethod 3426 0xb4bf9a48 code [0xb4bf9b40, 0xb4bf9bd0]
Event: 3212.614 Thread 0xb684a800 3427             java.util.HashSet::iterator (13 bytes)
Event: 3212.615 Thread 0xb684a800 nmethod 3427 0xb4e06f48 code [0xb4e07060, 0xb4e0716c]
Event: 3215.054 Thread 0xb684a800 3428             sun.java2d.pipe.ValidatePipe::drawOval (25 bytes)
Event: 3215.058 Thread 0xb684a800 nmethod 3428 0xb4e07208 code [0xb4e07320, 0xb4e07404]

GC Heap History (10 events):
Event: 3288.299 GC heap after
Heap after GC invocations=2077 (full 12):
 def new generation   total 107712K, used 3134K [0x6e800000, 0x75cd0000, 0x792a0000)
  eden space 95808K,   0% used [0x6e800000, 0x6e800000, 0x74590000)
  from space 11904K,  26% used [0x75130000, 0x7543f988, 0x75cd0000)
  to   space 11904K,   0% used [0x74590000, 0x74590000, 0x75130000)
 tenured generation   total 239112K, used 237942K [0x792a0000, 0x87c22000, 0x8e800000)
   the space 239112K,  99% used [0x792a0000, 0x87afdad8, 0x87afdc00, 0x87c22000)
 compacting perm gen  total 12288K, used 8199K [0x8e800000, 0x8f400000, 0x92800000)
   the space 12288K,  66% used [0x8e800000, 0x8f001db0, 0x8f001e00, 0x8f400000)
    ro space 10240K,  58% used [0x92800000, 0x92de1320, 0x92de1400, 0x93200000)
    rw space 12288K,  59% used [0x93200000, 0x93916340, 0x93916400, 0x93e00000)
}
Event: 3290.724 GC heap before
{Heap before GC invocations=2077 (full 12):
 def new generation   total 107712K, used 98942K [0x6e800000, 0x75cd0000, 0x792a0000)
  eden space 95808K, 100% used [0x6e800000, 0x74590000, 0x74590000)
  from space 11904K,  26% used [0x75130000, 0x7543f988, 0x75cd0000)
  to   space 11904K,   0% used [0x74590000, 0x74590000, 0x75130000)
 tenured generation   total 239112K, used 237942K [0x792a0000, 0x87c22000, 0x8e800000)
   the space 239112K,  99% used [0x792a0000, 0x87afdad8, 0x87afdc00, 0x87c22000)
 compacting perm gen  total 12288K, used 8199K [0x8e800000, 0x8f400000, 0x92800000)
   the space 12288K,  66% used [0x8e800000, 0x8f001db0, 0x8f001e00, 0x8f400000)
    ro space 10240K,  58% used [0x92800000, 0x92de1320, 0x92de1400, 0x93200000)
    rw space 12288K,  59% used [0x93200000, 0x93916340, 0x93916400, 0x93e00000)
Event: 3290.731 GC heap after
Heap after GC invocations=2078 (full 12):
 def new generation   total 107712K, used 3196K [0x6e800000, 0x75cd0000, 0x792a0000)
  eden space 95808K,   0% used [0x6e800000, 0x6e800000, 0x74590000)
  from space 11904K,  26% used [0x74590000, 0x748af220, 0x75130000)
  to   space 11904K,   0% used [0x75130000, 0x75130000, 0x75cd0000)
 tenured generation   total 239112K, used 238027K [0x792a0000, 0x87c22000, 0x8e800000)
   the space 239112K,  99% used [0x792a0000, 0x87b12c48, 0x87b12e00, 0x87c22000)
 compacting perm gen  total 12288K, used 8199K [0x8e800000, 0x8f400000, 0x92800000)
   the space 12288K,  66% used [0x8e800000, 0x8f001db0, 0x8f001e00, 0x8f400000)
    ro space 10240K,  58% used [0x92800000, 0x92de1320, 0x92de1400, 0x93200000)
    rw space 12288K,  59% used [0x93200000, 0x93916340, 0x93916400, 0x93e00000)
}
Event: 3291.629 GC heap before
{Heap before GC invocations=2078 (full 12):
 def new generation   total 107712K, used 99004K [0x6e800000, 0x75cd0000, 0x792a0000)
  eden space 95808K, 100% used [0x6e800000, 0x74590000, 0x74590000)
  from space 11904K,  26% used [0x74590000, 0x748af220, 0x75130000)
  to   space 11904K,   0% used [0x75130000, 0x75130000, 0x75cd0000)
 tenured generation   total 239112K, used 238027K [0x792a0000, 0x87c22000, 0x8e800000)
   the space 239112K,  99% used [0x792a0000, 0x87b12c48, 0x87b12e00, 0x87c22000)
 compacting perm gen  total 12288K, used 8199K [0x8e800000, 0x8f400000, 0x92800000)
   the space 12288K,  66% used [0x8e800000, 0x8f001db0, 0x8f001e00, 0x8f400000)
    ro space 10240K,  58% used [0x92800000, 0x92de1320, 0x92de1400, 0x93200000)
    rw space 12288K,  59% used [0x93200000, 0x93916340, 0x93916400, 0x93e00000)
Event: 3291.635 GC heap after
Heap after GC invocations=2079 (full 12):
 def new generation   total 107712K, used 2976K [0x6e800000, 0x75cd0000, 0x792a0000)
  eden space 95808K,   0% used [0x6e800000, 0x6e800000, 0x74590000)
  from space 11904K,  25% used [0x75130000, 0x754182b0, 0x75cd0000)
  to   space 11904K,   0% used [0x74590000, 0x74590000, 0x75130000)
 tenured generation   total 239112K, used 238351K [0x792a0000, 0x87c22000, 0x8e800000)
   the space 239112K,  99% used [0x792a0000, 0x87b63fa8, 0x87b64000, 0x87c22000)
 compacting perm gen  total 12288K, used 8199K [0x8e800000, 0x8f400000, 0x92800000)
   the space 12288K,  66% used [0x8e800000, 0x8f001db0, 0x8f001e00, 0x8f400000)
    ro space 10240K,  58% used [0x92800000, 0x92de1320, 0x92de1400, 0x93200000)
    rw space 12288K,  59% used [0x93200000, 0x93916340, 0x93916400, 0x93e00000)
}
Event: 3292.863 GC heap before
{Heap before GC invocations=2079 (full 12):
 def new generation   total 107712K, used 98784K [0x6e800000, 0x75cd0000, 0x792a0000)
  eden space 95808K, 100% used [0x6e800000, 0x74590000, 0x74590000)
  from space 11904K,  25% used [0x75130000, 0x754182b0, 0x75cd0000)
  to   space 11904K,   0% used [0x74590000, 0x74590000, 0x75130000)
 tenured generation   total 239112K, used 238351K [0x792a0000, 0x87c22000, 0x8e800000)
   the space 239112K,  99% used [0x792a0000, 0x87b63fa8, 0x87b64000, 0x87c22000)
 compacting perm gen  total 12288K, used 8199K [0x8e800000, 0x8f400000, 0x92800000)
   the space 12288K,  66% used [0x8e800000, 0x8f001db0, 0x8f001e00, 0x8f400000)
    ro space 10240K,  58% used [0x92800000, 0x92de1320, 0x92de1400, 0x93200000)
    rw space 12288K,  59% used [0x93200000, 0x93916340, 0x93916400, 0x93e00000)
Event: 3292.871 GC heap after
Heap after GC invocations=2080 (full 12):
 def new generation   total 107712K, used 3043K [0x6e800000, 0x75cd0000, 0x792a0000)
  eden space 95808K,   0% used [0x6e800000, 0x6e800000, 0x74590000)
  from space 11904K,  25% used [0x74590000, 0x74888de0, 0x75130000)
  to   space 11904K,   0% used [0x75130000, 0x75130000, 0x75cd0000)
 tenured generation   total 239112K, used 238476K [0x792a0000, 0x87c22000, 0x8e800000)
   the space 239112K,  99% used [0x792a0000, 0x87b83280, 0x87b83400, 0x87c22000)
 compacting perm gen  total 12288K, used 8199K [0x8e800000, 0x8f400000, 0x92800000)
   the space 12288K,  66% used [0x8e800000, 0x8f001db0, 0x8f001e00, 0x8f400000)
    ro space 10240K,  58% used [0x92800000, 0x92de1320, 0x92de1400, 0x93200000)
    rw space 12288K,  59% used [0x93200000, 0x93916340, 0x93916400, 0x93e00000)
}
Event: 3293.753 GC heap before
{Heap before GC invocations=2080 (full 12):
 def new generation   total 107712K, used 98851K [0x6e800000, 0x75cd0000, 0x792a0000)
  eden space 95808K, 100% used [0x6e800000, 0x74590000, 0x74590000)
  from space 11904K,  25% used [0x74590000, 0x74888de0, 0x75130000)
  to   space 11904K,   0% used [0x75130000, 0x75130000, 0x75cd0000)
 tenured generation   total 239112K, used 238476K [0x792a0000, 0x87c22000, 0x8e800000)
   the space 239112K,  99% used [0x792a0000, 0x87b83280, 0x87b83400, 0x87c22000)
 compacting perm gen  total 12288K, used 8199K [0x8e800000, 0x8f400000, 0x92800000)
   the space 12288K,  66% used [0x8e800000, 0x8f001db0, 0x8f001e00, 0x8f400000)
    ro space 10240K,  58% used [0x92800000, 0x92de1320, 0x92de1400, 0x93200000)
    rw space 12288K,  59% used [0x93200000, 0x93916340, 0x93916400, 0x93e00000)
Event: 3293.762 GC heap after
Heap after GC invocations=2081 (full 12):
 def new generation   total 107712K, used 2979K [0x6e800000, 0x75cd0000, 0x792a0000)
  eden space 95808K,   0% used [0x6e800000, 0x6e800000, 0x74590000)
  from space 11904K,  25% used [0x75130000, 0x75418e70, 0x75cd0000)
  to   space 11904K,   0% used [0x74590000, 0x74590000, 0x75130000)
 tenured generation   total 239112K, used 238645K [0x792a0000, 0x87c22000, 0x8e800000)
   the space 239112K,  99% used [0x792a0000, 0x87bad678, 0x87bad800, 0x87c22000)
 compacting perm gen  total 12288K, used 8199K [0x8e800000, 0x8f400000, 0x92800000)
   the space 12288K,  66% used [0x8e800000, 0x8f001db0, 0x8f001e00, 0x8f400000)
    ro space 10240K,  58% used [0x92800000, 0x92de1320, 0x92de1400, 0x93200000)
    rw space 12288K,  59% used [0x93200000, 0x93916340, 0x93916400, 0x93e00000)
}
Event: 3295.113 GC heap before
{Heap before GC invocations=2081 (full 12):
 def new generation   total 107712K, used 98787K [0x6e800000, 0x75cd0000, 0x792a0000)
  eden space 95808K, 100% used [0x6e800000, 0x74590000, 0x74590000)
  from space 11904K,  25% used [0x75130000, 0x75418e70, 0x75cd0000)
  to   space 11904K,   0% used [0x74590000, 0x74590000, 0x75130000)
 tenured generation   total 239112K, used 238645K [0x792a0000, 0x87c22000, 0x8e800000)
   the space 239112K,  99% used [0x792a0000, 0x87bad678, 0x87bad800, 0x87c22000)
 compacting perm gen  total 12288K, used 8199K [0x8e800000, 0x8f400000, 0x92800000)
   the space 12288K,  66% used [0x8e800000, 0x8f001db0, 0x8f001e00, 0x8f400000)
    ro space 10240K,  58% used [0x92800000, 0x92de1320, 0x92de1400, 0x93200000)
    rw space 12288K,  59% used [0x93200000, 0x93916340, 0x93916400, 0x93e00000)

Deoptimization events (0 events):
No events

Internal exceptions (10 events):
Event: 1412.092 Thread 0xb3d7c000 Threw 0x73d3d1a8 at /build/openjdk-7-PRlt4i/openjdk-7-7u79-2.5.6/build/openjdk/hotspot/src/share/vm/prims/jni.cpp:721
Event: 1412.094 Thread 0xb3d7c000 Threw 0x73d4b510 at /build/openjdk-7-PRlt4i/openjdk-7-7u79-2.5.6/build/openjdk/hotspot/src/share/vm/prims/jni.cpp:721
Event: 1941.386 Thread 0xb3d7c000 Threw 0x712b38b0 at /build/openjdk-7-PRlt4i/openjdk-7-7u79-2.5.6/build/openjdk/hotspot/src/share/vm/prims/jni.cpp:747
Event: 1945.155 Thread 0xb3d7c000 Threw 0x714065a0 at /build/openjdk-7-PRlt4i/openjdk-7-7u79-2.5.6/build/openjdk/hotspot/src/share/vm/prims/jni.cpp:747
Event: 2278.780 Thread 0xb3d7c000 Threw 0x6ea07f90 at /build/openjdk-7-PRlt4i/openjdk-7-7u79-2.5.6/build/openjdk/hotspot/src/share/vm/prims/jni.cpp:747
Event: 2281.261 Thread 0xb3d7c000 Threw 0x6eb584c0 at /build/openjdk-7-PRlt4i/openjdk-7-7u79-2.5.6/build/openjdk/hotspot/src/share/vm/prims/jni.cpp:747
Event: 2379.375 Thread 0xb3d7c000 Threw 0x74535d20 at /build/openjdk-7-PRlt4i/openjdk-7-7u79-2.5.6/build/openjdk/hotspot/src/share/vm/prims/jni.cpp:747
Event: 2381.032 Thread 0xb3d7c000 Threw 0x6e8e66f0 at /build/openjdk-7-PRlt4i/openjdk-7-7u79-2.5.6/build/openjdk/hotspot/src/share/vm/prims/jni.cpp:747
Event: 2630.216 Thread 0xb3d7c000 Threw 0x70924ef0 at /build/openjdk-7-PRlt4i/openjdk-7-7u79-2.5.6/build/openjdk/hotspot/src/share/vm/prims/jni.cpp:747
Event: 2631.570 Thread 0xb3d7c000 Threw 0x70ba9208 at /build/openjdk-7-PRlt4i/openjdk-7-7u79-2.5.6/build/openjdk/hotspot/src/share/vm/prims/jni.cpp:747

Events (10 events):
Event: 3288.304 Executing VM operation: GenCollectForAllocation done
Event: 3290.723 Executing VM operation: GenCollectForAllocation
Event: 3290.731 Executing VM operation: GenCollectForAllocation done
Event: 3291.623 Executing VM operation: GenCollectForAllocation
Event: 3291.639 Executing VM operation: GenCollectForAllocation done
Event: 3292.862 Executing VM operation: GenCollectForAllocation
Event: 3292.871 Executing VM operation: GenCollectForAllocation done
Event: 3293.753 Executing VM operation: GenCollectForAllocation
Event: 3293.762 Executing VM operation: GenCollectForAllocation done
Event: 3295.112 Executing VM operation: GenCollectForAllocation


Dynamic libraries:
08048000-08049000 r-xp 00000000 08:01 7512       /usr/lib/jvm/java-7-openjdk-i386/jre/bin/java
08049000-0804a000 r--p 00000000 08:01 7512       /usr/lib/jvm/java-7-openjdk-i386/jre/bin/java
0804a000-0804b000 rw-p 00001000 08:01 7512       /usr/lib/jvm/java-7-openjdk-i386/jre/bin/java
0893f000-08eaf000 rw-p 00000000 00:00 0          [heap]
6e800000-75cd0000 rw-p 00000000 00:00 0 
75cd0000-792a0000 rw-p 00000000 00:00 0 
792a0000-87cbf000 rw-p 00000000 00:00 0 
8e800000-8f400000 rw-p 00000000 00:00 0 
8f400000-92800000 rw-p 00000000 00:00 0 
92800000-92de2000 r--p 00001000 08:01 5317       /usr/lib/jvm/java-7-openjdk-i386/jre/lib/i386/client/classes.jsa
92de2000-93200000 rw-p 00000000 00:00 0 
93200000-93917000 rw-p 005e3000 08:01 5317       /usr/lib/jvm/java-7-openjdk-i386/jre/lib/i386/client/classes.jsa
93917000-93e00000 rw-p 00000000 00:00 0 
93e00000-94112000 rw-p 00cfa000 08:01 5317       /usr/lib/jvm/java-7-openjdk-i386/jre/lib/i386/client/classes.jsa
94112000-94200000 rw-p 00000000 00:00 0 
94200000-94209000 r-xp 0100c000 08:01 5317       /usr/lib/jvm/java-7-openjdk-i386/jre/lib/i386/client/classes.jsa
94209000-94600000 rw-p 00000000 00:00 0 
b26b7000-b26ba000 ---p 00000000 00:00 0 
b26ba000-b2708000 rwxp 00000000 00:00 0 
b2818000-b281c000 rw-s 00000000 00:04 51904524   /SYSV00000000 (deleted)
b281f000-b2824000 rw-s 00000000 00:04 51576841   /SYSV00000000 (deleted)
b2824000-b2827000 ---p 00000000 00:00 0 
b2827000-b2875000 rwxp 00000000 00:00 0 
b2879000-b2ed3000 rw-s 00000000 00:04 29622280   /SYSV00000000 (deleted)
b2ed3000-b2f0d000 r--s 001e1000 08:01 260083     /home/user/contiki/tools/cooja/apps/avrora/lib/avrora-small.jar
b2f0d000-b2f19000 r--s 000ea000 08:01 262476     /home/user/contiki/tools/cooja/apps/mspsim/lib/mspsim.jar
b2f19000-b2f1c000 ---p 00000000 00:00 0 
b2f1c000-b2f6a000 rwxp 00000000 00:00 0 
b2f6a000-b2f6d000 ---p 00000000 00:00 0 
b2f6d000-b2fbb000 rwxp 00000000 00:00 0 
b2fbb000-b2fbe000 ---p 00000000 00:00 0 
b2fbe000-b300c000 rwxp 00000000 00:00 0 
b300c000-b3011000 r--s 00000000 08:01 1417       /var/cache/fontconfig/6eb3985aa4124903f6ff08ba781cd364-le32d4.cache-4
b3011000-b301a000 r--s 00000000 08:01 1407       /var/cache/fontconfig/6d41288fd70b0be22e8c3a91e032eec0-le32d4.cache-4
b301a000-b301f000 r--s 00000000 08:01 1087       /var/cache/fontconfig/3047814df9a2f067bd2d96a2b9c36e5a-le32d4.cache-4
b301f000-b303a000 r--s 00000000 08:01 133        /var/cache/fontconfig/cabbd14511b9e8a55e92af97fb3a0461-le32d4.cache-4
b303a000-b303c000 r--s 00000000 08:01 137        /var/cache/fontconfig/e13b20fdb08344e0e664864cc2ede53d-le32d4.cache-4
b303c000-b3087000 r--s 00000000 08:01 135        /var/cache/fontconfig/eeebfc908bd29a90773fd860017aada4-le32d4.cache-4
b3087000-b30d2000 r--s 00000000 08:01 134        /var/cache/fontconfig/21a99156bb11811cef641abeda519a45-le32d4.cache-4
b30d2000-b3124000 r-xp 00000000 08:01 7567       /usr/lib/jvm/java-7-openjdk-i386/jre/lib/i386/libfontmanager.so
b3124000-b3126000 r--p 00051000 08:01 7567       /usr/lib/jvm/java-7-openjdk-i386/jre/lib/i386/libfontmanager.so
b3126000-b3127000 rw-p 00053000 08:01 7567       /usr/lib/jvm/java-7-openjdk-i386/jre/lib/i386/libfontmanager.so
b3127000-b312a000 ---p 00000000 00:00 0 
b312a000-b3178000 rwxp 00000000 00:00 0 
b3178000-b317c000 r-xp 00000000 08:01 12138      /usr/lib/i386-linux-gnu/libXfixes.so.3.1.0
b317c000-b317d000 r--p 00003000 08:01 12138      /usr/lib/i386-linux-gnu/libXfixes.so.3.1.0
b317d000-b317e000 rw-p 00004000 08:01 12138      /usr/lib/i386-linux-gnu/libXfixes.so.3.1.0
b317e000-b3187000 r-xp 00000000 08:01 35017      /usr/lib/i386-linux-gnu/libXcursor.so.1.0.2
b3187000-b3188000 rw-p 00009000 08:01 35017      /usr/lib/i386-linux-gnu/libXcursor.so.1.0.2
b3188000-b318b000 ---p 00000000 00:00 0 
b318b000-b31d9000 rwxp 00000000 00:00 0 
b31d9000-b31dc000 r-xp 00000000 08:01 5266       /lib/i386-linux-gnu/libgpg-error.so.0.8.0
b31dc000-b31dd000 rw-p 00002000 08:01 5266       /lib/i386-linux-gnu/libgpg-error.so.0.8.0
b31dd000-b3227000 r-xp 00000000 08:01 4678       /lib/i386-linux-gnu/libdbus-1.so.3.7.2
b3227000-b3228000 r--p 00049000 08:01 4678       /lib/i386-linux-gnu/libdbus-1.so.3.7.2
b3228000-b3229000 rw-p 0004a000 08:01 4678       /lib/i386-linux-gnu/libdbus-1.so.3.7.2
b3229000-b3239000 r-xp 00000000 08:01 5303       /usr/lib/i386-linux-gnu/libp11-kit.so.0.0.0
b3239000-b323a000 r--p 00010000 08:01 5303       /usr/lib/i386-linux-gnu/libp11-kit.so.0.0.0
b323a000-b323b000 rw-p 00011000 08:01 5303       /usr/lib/i386-linux-gnu/libp11-kit.so.0.0.0
b323b000-b32bd000 r-xp 00000000 08:01 1923       /lib/i386-linux-gnu/libgcrypt.so.11.7.0
b32bd000-b32be000 r--p 00081000 08:01 1923       /lib/i386-linux-gnu/libgcrypt.so.11.7.0
b32be000-b32c0000 rw-p 00082000 08:01 1923       /lib/i386-linux-gnu/libgcrypt.so.11.7.0
b32c0000-b32d0000 r-xp 00000000 08:01 2893       /usr/lib/i386-linux-gnu/libtasn1.so.3.1.16
b32d0000-b32d1000 r--p 0000f000 08:01 2893       /usr/lib/i386-linux-gnu/libtasn1.so.3.1.16
b32d1000-b32d2000 rw-p 00010000 08:01 2893       /usr/lib/i386-linux-gnu/libtasn1.so.3.1.16
b32d2000-b32d5000 r-xp 00000000 08:01 10640      /lib/i386-linux-gnu/libkeyutils.so.1.5
b32d5000-b32d6000 r--p 00002000 08:01 10640      /lib/i386-linux-gnu/libkeyutils.so.1.5
b32d6000-b32d7000 rw-p 00003000 08:01 10640      /lib/i386-linux-gnu/libkeyutils.so.1.5
b32d7000-b32e2000 r-xp 00000000 08:01 10980      /usr/lib/i386-linux-gnu/libkrb5support.so.0.1
b32e2000-b32e3000 r--p 0000a000 08:01 10980      /usr/lib/i386-linux-gnu/libkrb5support.so.0.1
b32e3000-b32e4000 rw-p 0000b000 08:01 10980      /usr/lib/i386-linux-gnu/libkrb5support.so.0.1
b32e4000-b32e7000 r-xp 00000000 08:01 2075       /lib/i386-linux-gnu/libcom_err.so.2.1
b32e7000-b32e8000 r--p 00002000 08:01 2075       /lib/i386-linux-gnu/libcom_err.so.2.1
b32e8000-b32e9000 rw-p 00003000 08:01 2075       /lib/i386-linux-gnu/libcom_err.so.2.1
b32e9000-b3319000 r-xp 00000000 08:01 10660      /usr/lib/i386-linux-gnu/libk5crypto.so.3.1
b3319000-b331a000 r--p 00030000 08:01 10660      /usr/lib/i386-linux-gnu/libk5crypto.so.3.1
b331a000-b331b000 rw-p 00031000 08:01 10660      /usr/lib/i386-linux-gnu/libk5crypto.so.3.1
b331b000-b331c000 rw-p 00000000 00:00 0 
b331c000-b33ea000 r-xp 00000000 08:01 10903      /usr/lib/i386-linux-gnu/libkrb5.so.3.3
b33ea000-b33f0000 r--p 000ce000 08:01 10903      /usr/lib/i386-linux-gnu/libkrb5.so.3.3
b33f0000-b33f2000 rw-p 000d4000 08:01 10903      /usr/lib/i386-linux-gnu/libkrb5.so.3.3
b33f2000-b33f7000 r-xp 00000000 08:01 11070      /usr/lib/i386-linux-gnu/libXdmcp.so.6.0.0
b33f7000-b33f8000 rw-p 00004000 08:01 11070      /usr/lib/i386-linux-gnu/libXdmcp.so.6.0.0
b33f8000-b33fa000 r-xp 00000000 08:01 11057      /usr/lib/i386-linux-gnu/libXau.so.6.0.0
b33fa000-b33fb000 rw-p 00001000 08:01 11057      /usr/lib/i386-linux-gnu/libXau.so.6.0.0
b33fb000-b3421000 r-xp 00000000 08:01 29221      /lib/i386-linux-gnu/libexpat.so.1.6.0
b3421000-b3423000 r--p 00026000 08:01 29221      /lib/i386-linux-gnu/libexpat.so.1.6.0
b3423000-b3424000 rw-p 00028000 08:01 29221      /lib/i386-linux-gnu/libexpat.so.1.6.0
b3424000-b34bb000 r-xp 00000000 08:01 5355       /usr/lib/i386-linux-gnu/libfreetype.so.6.8.1
b34bb000-b34bf000 r--p 00097000 08:01 5355       /usr/lib/i386-linux-gnu/libfreetype.so.6.8.1
b34bf000-b34c0000 rw-p 0009b000 08:01 5355       /usr/lib/i386-linux-gnu/libfreetype.so.6.8.1
b34c0000-b34d0000 r-xp 00000000 08:01 33384      /usr/lib/i386-linux-gnu/libavahi-client.so.3.2.9
b34d0000-b34d1000 r--p 0000f000 08:01 33384      /usr/lib/i386-linux-gnu/libavahi-client.so.3.2.9
b34d1000-b34d2000 rw-p 00010000 08:01 33384      /usr/lib/i386-linux-gnu/libavahi-client.so.3.2.9
b34d2000-b34de000 r-xp 00000000 08:01 33371      /usr/lib/i386-linux-gnu/libavahi-common.so.3.5.3
b34de000-b34df000 r--p 0000b000 08:01 33371      /usr/lib/i386-linux-gnu/libavahi-common.so.3.5.3
b34df000-b34e0000 rw-p 0000c000 08:01 33371      /usr/lib/i386-linux-gnu/libavahi-common.so.3.5.3
b34e0000-b35a3000 r-xp 00000000 08:01 3169       /usr/lib/i386-linux-gnu/libgnutls.so.26.22.4
b35a3000-b35a7000 r--p 000c2000 08:01 3169       /usr/lib/i386-linux-gnu/libgnutls.so.26.22.4
b35a7000-b35a8000 rw-p 000c6000 08:01 3169       /usr/lib/i386-linux-gnu/libgnutls.so.26.22.4
b35a8000-b35a9000 rw-p 00000000 00:00 0 
b35a9000-b35f7000 r-xp 00000000 08:01 10680      /usr/lib/i386-linux-gnu/libgssapi_krb5.so.2.2
b35f7000-b35f9000 r--p 0004e000 08:01 10680      /usr/lib/i386-linux-gnu/libgssapi_krb5.so.2.2
b35f9000-b35fa000 rw-p 00050000 08:01 10680      /usr/lib/i386-linux-gnu/libgssapi_krb5.so.2.2
b35fa000-b361b000 r-xp 00000000 08:01 11084      /usr/lib/i386-linux-gnu/libxcb.so.1.1.0
b361b000-b361c000 r--p 00020000 08:01 11084      /usr/lib/i386-linux-gnu/libxcb.so.1.1.0
b361c000-b361d000 rw-p 00021000 08:01 11084      /usr/lib/i386-linux-gnu/libxcb.so.1.1.0
b361d000-b365d000 r-xp 00000000 08:01 60972      /usr/lib/i386-linux-gnu/libfontconfig.so.1.8.0
b365d000-b365e000 r--p 0003f000 08:01 60972      /usr/lib/i386-linux-gnu/libfontconfig.so.1.8.0
b365e000-b365f000 rw-p 00040000 08:01 60972      /usr/lib/i386-linux-gnu/libfontconfig.so.1.8.0
b365f000-b36b1000 r-xp 00000000 08:01 5676       /usr/lib/i386-linux-gnu/libcups.so.2
b36b1000-b36b4000 r--p 00051000 08:01 5676       /usr/lib/i386-linux-gnu/libcups.so.2
b36b4000-b36b5000 rw-p 00054000 08:01 5676       /usr/lib/i386-linux-gnu/libcups.so.2
b36b5000-b36c3000 r-xp 00000000 08:01 35023      /usr/lib/i386-linux-gnu/libXi.so.6.1.0
b36c3000-b36c4000 rw-p 0000e000 08:01 35023      /usr/lib/i386-linux-gnu/libXi.so.6.1.0
b36c4000-b36c9000 r-xp 00000000 08:01 35953      /usr/lib/i386-linux-gnu/libXtst.so.6.1.0
b36c9000-b36ca000 rw-p 00004000 08:01 35953      /usr/lib/i386-linux-gnu/libXtst.so.6.1.0
b36ca000-b36d3000 r-xp 00000000 08:01 21445      /usr/lib/i386-linux-gnu/libXrender.so.1.3.0
b36d3000-b36d4000 rw-p 00008000 08:01 21445      /usr/lib/i386-linux-gnu/libXrender.so.1.3.0
b36d4000-b3808000 r-xp 00000000 08:01 11103      /usr/lib/i386-linux-gnu/libX11.so.6.3.0
b3808000-b380c000 rw-p 00133000 08:01 11103      /usr/lib/i386-linux-gnu/libX11.so.6.3.0
b380c000-b381d000 r-xp 00000000 08:01 12057      /usr/lib/i386-linux-gnu/libXext.so.6.4.0
b381d000-b381e000 rw-p 00010000 08:01 12057      /usr/lib/i386-linux-gnu/libXext.so.6.4.0
b381e000-b3867000 r-xp 00000000 08:01 6831       /usr/lib/jvm/java-7-openjdk-i386/jre/lib/i386/xawt/libmawt.so
b3867000-b3868000 r--p 00049000 08:01 6831       /usr/lib/jvm/java-7-openjdk-i386/jre/lib/i386/xawt/libmawt.so
b3868000-b386a000 rw-p 0004a000 08:01 6831       /usr/lib/jvm/java-7-openjdk-i386/jre/lib/i386/xawt/libmawt.so
b386a000-b386b000 rw-p 00000000 00:00 0 
b386b000-b38ff000 r-xp 00000000 08:01 7565       /usr/lib/jvm/java-7-openjdk-i386/jre/lib/i386/libawt.so
b38ff000-b3900000 r--p 00093000 08:01 7565       /usr/lib/jvm/java-7-openjdk-i386/jre/lib/i386/libawt.so
b3900000-b3907000 rw-p 00094000 08:01 7565       /usr/lib/jvm/java-7-openjdk-i386/jre/lib/i386/libawt.so
b3907000-b392b000 rw-p 00000000 00:00 0 
b392b000-b3968000 r-xp 00000000 08:01 28289      /lib/i386-linux-gnu/libpcre.so.3.13.1
b3968000-b3969000 rw-p 0003c000 08:01 28289      /lib/i386-linux-gnu/libpcre.so.3.13.1
b3969000-b397c000 r-xp 00000000 08:01 4711       /lib/i386-linux-gnu/i686/cmov/libresolv-2.19.so
b397c000-b397d000 r--p 00012000 08:01 4711       /lib/i386-linux-gnu/i686/cmov/libresolv-2.19.so
b397d000-b397e000 rw-p 00013000 08:01 4711       /lib/i386-linux-gnu/i686/cmov/libresolv-2.19.so
b397e000-b3980000 rw-p 00000000 00:00 0 
b3980000-b399e000 r-xp 00000000 08:01 705        /lib/i386-linux-gnu/libselinux.so.1
b399e000-b399f000 r--p 0001d000 08:01 705        /lib/i386-linux-gnu/libselinux.so.1
b399f000-b39a0000 rw-p 0001e000 08:01 705        /lib/i386-linux-gnu/libselinux.so.1
b39a0000-b3ac6000 r-xp 00000000 08:01 51287      /lib/i386-linux-gnu/libglib-2.0.so.0.4200.1
b3ac6000-b3ac7000 r--p 00125000 08:01 51287      /lib/i386-linux-gnu/libglib-2.0.so.0.4200.1
b3ac7000-b3ac8000 rw-p 00126000 08:01 51287      /lib/i386-linux-gnu/libglib-2.0.so.0.4200.1
b3ac8000-b3b24000 r-xp 00000000 08:01 51289      /usr/lib/i386-linux-gnu/libgobject-2.0.so.0.4200.1
b3b24000-b3b25000 r--p 0005b000 08:01 51289      /usr/lib/i386-linux-gnu/libgobject-2.0.so.0.4200.1
b3b25000-b3b26000 rw-p 0005c000 08:01 51289      /usr/lib/i386-linux-gnu/libgobject-2.0.so.0.4200.1
b3b26000-b3cd7000 r-xp 00000000 08:01 59678      /usr/lib/i386-linux-gnu/libgio-2.0.so.0.4200.1
b3cd7000-b3cda000 r--p 001b0000 08:01 59678      /usr/lib/i386-linux-gnu/libgio-2.0.so.0.4200.1
b3cda000-b3cdb000 rw-p 001b3000 08:01 59678      /usr/lib/i386-linux-gnu/libgio-2.0.so.0.4200.1
b3cdb000-b3cdc000 rw-p 00000000 00:00 0 
b3cdc000-b3cde000 r--s 00008000 08:01 262761     /home/user/contiki/tools/cooja/apps/serial_socket/lib/serial_socket.jar
b3cde000-b3cdf000 r--s 00008000 08:01 262726     /home/user/contiki/tools/cooja/apps/avrora/lib/cooja_avrora.jar
b3cdf000-b3ce1000 r--s 00010000 08:01 262477     /home/user/contiki/tools/cooja/apps/mspsim/lib/jipv6.jar
b3ce1000-b3ce7000 r--s 00062000 08:01 262698     /home/user/contiki/tools/cooja/apps/mspsim/lib/cooja_mspsim.jar
b3ce7000-b3cfe000 r-xp 00000000 08:01 7594       /usr/lib/jvm/java-7-openjdk-i386/jre/lib/i386/libnet.so
b3cfe000-b3cff000 r--p 00016000 08:01 7594       /usr/lib/jvm/java-7-openjdk-i386/jre/lib/i386/libnet.so
b3cff000-b3d00000 rw-p 00017000 08:01 7594       /usr/lib/jvm/java-7-openjdk-i386/jre/lib/i386/libnet.so
b3d00000-b3dee000 rw-p 00000000 00:00 0 
b3dee000-b3e00000 ---p 00000000 00:00 0 
b3e01000-b3e12000 r-xp 00000000 08:01 7597       /usr/lib/jvm/java-7-openjdk-i386/jre/lib/i386/libnio.so
b3e12000-b3e13000 r--p 00010000 08:01 7597       /usr/lib/jvm/java-7-openjdk-i386/jre/lib/i386/libnio.so
b3e13000-b3e14000 rw-p 00011000 08:01 7597       /usr/lib/jvm/java-7-openjdk-i386/jre/lib/i386/libnio.so
b3e14000-b3e31000 r--s 0014f000 08:01 261870     /home/user/contiki/tools/cooja/dist/lib/swingx-all-1.6.4.jar
b3e31000-b3e32000 ---p 00000000 00:00 0 
b3e32000-b3f03000 rwxp 00000000 00:00 0 
b3f03000-b3f04000 ---p 00000000 00:00 0 
b3f04000-b3fd5000 rwxp 00000000 00:00 0 
b3fd5000-b415e000 r--p 00000000 08:01 13993      /usr/lib/locale/locale-archive
b415e000-b4200000 rwxp 00000000 00:00 0 
b4200000-b42da000 rw-p 00000000 00:00 0 
b42da000-b4300000 ---p 00000000 00:00 0 
b4300000-b4302000 r--s 0001e000 08:01 261947     /home/user/contiki/tools/cooja/apps/mrm/lib/mrm.jar
b4302000-b4308000 r-xp 00000000 08:01 61051      /usr/lib/i386-linux-gnu/libffi.so.6.0.2
b4308000-b4309000 r--p 00005000 08:01 61051      /usr/lib/i386-linux-gnu/libffi.so.6.0.2
b4309000-b430a000 rw-p 00006000 08:01 61051      /usr/lib/i386-linux-gnu/libffi.so.6.0.2
b430a000-b4314000 r--s 000ae000 08:01 7544       /usr/lib/jvm/java-7-openjdk-i386/jre/lib/resources.jar
b4314000-b431b000 r--s 0005b000 08:01 261868     /home/user/contiki/tools/cooja/dist/lib/jsyntaxpane.jar
b431b000-b432e000 r--s 000fa000 08:01 261861     /home/user/contiki/tools/cooja/dist/cooja.jar
b432e000-b432f000 ---p 00000000 00:00 0 
b432f000-b43af000 rwxp 00000000 00:00 0 
b43af000-b43f8000 rw-p 00000000 00:00 0 
b43f8000-b45a9000 r--s 01d29000 08:01 57842      /usr/lib/jvm/java-7-openjdk-i386/jre/lib/rt.jar
b45a9000-b461f000 rw-p 00000000 00:00 0 
b461f000-b4654000 rw-p 00000000 00:00 0 
b4654000-b468f000 rw-p 00000000 00:00 0 
b468f000-b46a9000 rw-p 00000000 00:00 0 
b46a9000-b471f000 rw-p 00000000 00:00 0 
b471f000-b4754000 rw-p 00000000 00:00 0 
b4754000-b475a000 rw-p 00000000 00:00 0 
b475a000-b4774000 rw-p 00000000 00:00 0 
b4774000-b4799000 rw-p 00000000 00:00 0 
b4799000-b4800000 rw-p 00000000 00:00 0 
b4800000-b4e08000 rwxp 00000000 00:00 0 
b4e08000-b6900000 rw-p 00000000 00:00 0 
b6900000-b6901000 r--s 00003000 08:01 262924     /home/user/contiki/tools/cooja/apps/powertracker/lib/powertracker.jar
b6901000-b6904000 r-xp 00000000 08:01 51290      /usr/lib/i386-linux-gnu/libgmodule-2.0.so.0.4200.1
b6904000-b6905000 r--p 00002000 08:01 51290      /usr/lib/i386-linux-gnu/libgmodule-2.0.so.0.4200.1
b6905000-b6906000 rw-p 00003000 08:01 51290      /usr/lib/i386-linux-gnu/libgmodule-2.0.so.0.4200.1
b6906000-b6909000 r--s 00022000 08:01 261867     /home/user/contiki/tools/cooja/dist/lib/jdom.jar
b6909000-b6910000 r--s 0004f000 08:01 261869     /home/user/contiki/tools/cooja/dist/lib/log4j.jar
b6910000-b6911000 r--s 00002000 08:01 7622       /usr/lib/jvm/java-7-openjdk-i386/jre/lib/ext/dnsns.jar
b6911000-b6914000 r--s 0000f000 08:01 12188      /usr/lib/jvm/java-7-openjdk-i386/jre/lib/ext/icedtea-sound.jar
b6914000-b6915000 r--s 00007000 08:01 128902     /usr/share/java/java-atk-wrapper.jar
b6915000-b6919000 r--s 0003c000 08:01 7625       /usr/lib/jvm/java-7-openjdk-i386/jre/lib/ext/sunpkcs11.jar
b6919000-b691d000 r--s 00085000 08:01 7620       /usr/lib/jvm/java-7-openjdk-i386/jre/lib/ext/localedata.jar
b691d000-b691f000 r--s 00012000 08:01 7616       /usr/lib/jvm/java-7-openjdk-i386/jre/lib/ext/zipfs.jar
b691f000-b6923000 r--s 00034000 08:01 7618       /usr/lib/jvm/java-7-openjdk-i386/jre/lib/ext/sunjce_provider.jar
b6923000-b6937000 rw-p 00000000 00:00 0 
b6937000-b6951000 rw-p 00000000 00:00 0 
b6951000-b695c000 r-xp 00000000 08:01 2428       /lib/i386-linux-gnu/i686/cmov/libnss_files-2.19.so
b695c000-b695d000 r--p 0000a000 08:01 2428       /lib/i386-linux-gnu/i686/cmov/libnss_files-2.19.so
b695d000-b695e000 rw-p 0000b000 08:01 2428       /lib/i386-linux-gnu/i686/cmov/libnss_files-2.19.so
b695e000-b6968000 r-xp 00000000 08:01 3077       /lib/i386-linux-gnu/i686/cmov/libnss_nis-2.19.so
b6968000-b6969000 r--p 00009000 08:01 3077       /lib/i386-linux-gnu/i686/cmov/libnss_nis-2.19.so
b6969000-b696a000 rw-p 0000a000 08:01 3077       /lib/i386-linux-gnu/i686/cmov/libnss_nis-2.19.so
b696a000-b697f000 r-xp 00000000 08:01 1471       /lib/i386-linux-gnu/i686/cmov/libnsl-2.19.so
b697f000-b6980000 r--p 00015000 08:01 1471       /lib/i386-linux-gnu/i686/cmov/libnsl-2.19.so
b6980000-b6981000 rw-p 00016000 08:01 1471       /lib/i386-linux-gnu/i686/cmov/libnsl-2.19.so
b6981000-b6983000 rw-p 00000000 00:00 0 
b6983000-b698a000 r-xp 00000000 08:01 1472       /lib/i386-linux-gnu/i686/cmov/libnss_compat-2.19.so
b698a000-b698b000 r--p 00006000 08:01 1472       /lib/i386-linux-gnu/i686/cmov/libnss_compat-2.19.so
b698b000-b698c000 rw-p 00007000 08:01 1472       /lib/i386-linux-gnu/i686/cmov/libnss_compat-2.19.so
b698c000-b698d000 r--s 00002000 08:01 262773     /home/user/contiki/tools/cooja/apps/collect-view/cooja-collect-view.jar
b698d000-b6995000 r-xp 00000000 08:01 7607       /usr/lib/jvm/java-7-openjdk-i386/jre/lib/i386/libzip.so
b6995000-b6996000 r--p 00007000 08:01 7607       /usr/lib/jvm/java-7-openjdk-i386/jre/lib/i386/libzip.so
b6996000-b6997000 rw-p 00008000 08:01 7607       /usr/lib/jvm/java-7-openjdk-i386/jre/lib/i386/libzip.so
b6997000-b69be000 r-xp 00000000 08:01 7576       /usr/lib/jvm/java-7-openjdk-i386/jre/lib/i386/libjava.so
b69be000-b69bf000 r--p 00026000 08:01 7576       /usr/lib/jvm/java-7-openjdk-i386/jre/lib/i386/libjava.so
b69bf000-b69c0000 rw-p 00027000 08:01 7576       /usr/lib/jvm/java-7-openjdk-i386/jre/lib/i386/libjava.so
b69c0000-b69cd000 r-xp 00000000 08:01 7604       /usr/lib/jvm/java-7-openjdk-i386/jre/lib/i386/libverify.so
b69cd000-b69ce000 r--p 0000d000 08:01 7604       /usr/lib/jvm/java-7-openjdk-i386/jre/lib/i386/libverify.so
b69ce000-b69cf000 rw-p 0000e000 08:01 7604       /usr/lib/jvm/java-7-openjdk-i386/jre/lib/i386/libverify.so
b69cf000-b69d6000 r-xp 00000000 08:01 4715       /lib/i386-linux-gnu/i686/cmov/librt-2.19.so
b69d6000-b69d7000 r--p 00006000 08:01 4715       /lib/i386-linux-gnu/i686/cmov/librt-2.19.so
b69d7000-b69d8000 rw-p 00007000 08:01 4715       /lib/i386-linux-gnu/i686/cmov/librt-2.19.so
b69d8000-b69db000 ---p 00000000 00:00 0 
b69db000-b6a29000 rwxp 00000000 00:00 0 
b6a29000-b6a45000 r-xp 00000000 08:01 203        /lib/i386-linux-gnu/libgcc_s.so.1
b6a45000-b6a46000 rw-p 0001b000 08:01 203        /lib/i386-linux-gnu/libgcc_s.so.1
b6a46000-b6a8a000 r-xp 00000000 08:01 1469       /lib/i386-linux-gnu/i686/cmov/libm-2.19.so
b6a8a000-b6a8b000 r--p 00043000 08:01 1469       /lib/i386-linux-gnu/i686/cmov/libm-2.19.so
b6a8b000-b6a8c000 rw-p 00044000 08:01 1469       /lib/i386-linux-gnu/i686/cmov/libm-2.19.so
b6a8c000-b6b6c000 r-xp 00000000 08:01 2523       /usr/lib/i386-linux-gnu/libstdc++.so.6.0.17
b6b6c000-b6b70000 r--p 000e0000 08:01 2523       /usr/lib/i386-linux-gnu/libstdc++.so.6.0.17
b6b70000-b6b71000 rw-p 000e4000 08:01 2523       /usr/lib/i386-linux-gnu/libstdc++.so.6.0.17
b6b71000-b6b78000 rw-p 00000000 00:00 0 
b6b78000-b7187000 r-xp 00000000 08:01 7613       /usr/lib/jvm/java-7-openjdk-i386/jre/lib/i386/client/libjvm.so
b7187000-b719f000 r--p 0060e000 08:01 7613       /usr/lib/jvm/java-7-openjdk-i386/jre/lib/i386/client/libjvm.so
b719f000-b71ae000 rw-p 00626000 08:01 7613       /usr/lib/jvm/java-7-openjdk-i386/jre/lib/i386/client/libjvm.so
b71ae000-b75c9000 rw-p 00000000 00:00 0 
b75c9000-b75e0000 r-xp 00000000 08:01 2512       /lib/i386-linux-gnu/libz.so.1.2.7
b75e0000-b75e1000 r--p 00016000 08:01 2512       /lib/i386-linux-gnu/libz.so.1.2.7
b75e1000-b75e2000 rw-p 00017000 08:01 2512       /lib/i386-linux-gnu/libz.so.1.2.7
b75e2000-b7787000 r-xp 00000000 08:01 1465       /lib/i386-linux-gnu/i686/cmov/libc-2.19.so
b7787000-b7789000 r--p 001a5000 08:01 1465       /lib/i386-linux-gnu/i686/cmov/libc-2.19.so
b7789000-b778a000 rw-p 001a7000 08:01 1465       /lib/i386-linux-gnu/i686/cmov/libc-2.19.so
b778a000-b778d000 rw-p 00000000 00:00 0 
b778d000-b7790000 r-xp 00000000 08:01 1468       /lib/i386-linux-gnu/i686/cmov/libdl-2.19.so
b7790000-b7791000 r--p 00002000 08:01 1468       /lib/i386-linux-gnu/i686/cmov/libdl-2.19.so
b7791000-b7792000 rw-p 00003000 08:01 1468       /lib/i386-linux-gnu/i686/cmov/libdl-2.19.so
b7792000-b779f000 r-xp 00000000 08:01 7611       /usr/lib/jvm/java-7-openjdk-i386/jre/lib/i386/jli/libjli.so
b779f000-b77a0000 r--p 0000c000 08:01 7611       /usr/lib/jvm/java-7-openjdk-i386/jre/lib/i386/jli/libjli.so
b77a0000-b77a1000 rw-p 0000d000 08:01 7611       /usr/lib/jvm/java-7-openjdk-i386/jre/lib/i386/jli/libjli.so
b77a1000-b77b9000 r-xp 00000000 08:01 1460       /lib/i386-linux-gnu/i686/cmov/libpthread-2.19.so
b77b9000-b77ba000 r--p 00017000 08:01 1460       /lib/i386-linux-gnu/i686/cmov/libpthread-2.19.so
b77ba000-b77bb000 rw-p 00018000 08:01 1460       /lib/i386-linux-gnu/i686/cmov/libpthread-2.19.so
b77bb000-b77be000 rw-p 00000000 00:00 0 
b77be000-b77bf000 r--s 00004000 08:01 262497     /home/user/contiki/tools/cooja/apps/mspsim/lib/coffee.jar
b77bf000-b77c7000 rw-s 00000000 08:01 262980     /tmp/hsperfdata_user/3263
b77c7000-b77c8000 rw-p 00000000 00:00 0 
b77c8000-b77c9000 ---p 00000000 00:00 0 
b77c9000-b77cb000 rw-p 00000000 00:00 0 
b77cb000-b77cc000 r-xp 00000000 00:00 0          [vdso]
b77cc000-b77eb000 r-xp 00000000 08:01 11676      /lib/i386-linux-gnu/ld-2.19.so
b77eb000-b77ec000 r--p 0001f000 08:01 11676      /lib/i386-linux-gnu/ld-2.19.so
b77ec000-b77ed000 rw-p 00020000 08:01 11676      /lib/i386-linux-gnu/ld-2.19.so
bfd2d000-bfd2e000 rwxp 00000000 00:00 0 
bfd60000-bfd7f000 rwxp 00000000 00:00 0          [stack]
bfd7f000-bfd81000 rw-p 00000000 00:00 0 

VM Arguments:
jvm_args: -Xmx512m 
java_command: /home/user/contiki/tools/cooja/dist/cooja.jar -contiki=/home/user/contiki
Launcher Type: SUN_STANDARD

Environment Variables:
JAVA_HOME=/usr/lib/jvm/java-1.7.0-openjdk-i386
PATH=/home/user/tos-tools/bin:/home/user/bin:/usr/local/bin:/usr/bin:/bin:/usr/local/games:/usr/games
SHELL=/usr/bin/zsh
DISPLAY=:0.0

Signal Handlers:
SIGSEGV: [libjvm.so+0x4e4050], sa_mask[0]=0x7ffbfeff, sa_flags=0x10000004
SIGBUS: [libjvm.so+0x4e4050], sa_mask[0]=0x7ffbfeff, sa_flags=0x10000004
SIGFPE: [libjvm.so+0x3c0fb0], sa_mask[0]=0x7ffbfeff, sa_flags=0x10000004
SIGPIPE: [libjvm.so+0x3c0fb0], sa_mask[0]=0x7ffbfeff, sa_flags=0x10000004
SIGXFSZ: [libjvm.so+0x3c0fb0], sa_mask[0]=0x7ffbfeff, sa_flags=0x10000004
SIGILL: [libjvm.so+0x3c0fb0], sa_mask[0]=0x7ffbfeff, sa_flags=0x10000004
SIGUSR1: SIG_DFL, sa_mask[0]=0x00000000, sa_flags=0x00000000
SIGUSR2: [libjvm.so+0x3c1120], sa_mask[0]=0x00000000, sa_flags=0x10000004
SIGHUP: [libjvm.so+0x3c1570], sa_mask[0]=0x7ffbfeff, sa_flags=0x10000004
SIGINT: [libjvm.so+0x3c1570], sa_mask[0]=0x7ffbfeff, sa_flags=0x10000004
SIGTERM: [libjvm.so+0x3c1570], sa_mask[0]=0x7ffbfeff, sa_flags=0x10000004
SIGQUIT: [libjvm.so+0x3c1570], sa_mask[0]=0x7ffbfeff, sa_flags=0x10000004
SIGTRAP: SIG_DFL, sa_mask[0]=0x00000000, sa_flags=0x00000000


---------------  S Y S T E M  ---------------

OS:7.9

uname:Linux 3.2.0-4-686-pae #1 SMP Debian 3.2.68-1+deb7u3 i686
libc:glibc 2.19 NPTL 2.19 
rlimit: STACK 8192k, CORE 0k, NPROC 3937, NOFILE 4096, AS infinity
load average:1.93 1.88 1.60

/proc/meminfo:
MemTotal:         514380 kB
MemFree:            5756 kB
Buffers:             876 kB
Cached:            35840 kB
SwapCached:            0 kB
Active:           464564 kB
Inactive:          22688 kB
Active(anon):     450764 kB
Inactive(anon):     9236 kB
Active(file):      13800 kB
Inactive(file):    13452 kB
Unevictable:           0 kB
Mlocked:               0 kB
HighTotal:             0 kB
HighFree:              0 kB
LowTotal:         514380 kB
LowFree:            5756 kB
SwapTotal:             0 kB
SwapFree:              0 kB
Dirty:                16 kB
Writeback:             0 kB
AnonPages:        450616 kB
Mapped:            30060 kB
Shmem:              9396 kB
Slab:              11328 kB
SReclaimable:       4596 kB
SUnreclaim:         6732 kB
KernelStack:        1616 kB
PageTables:         3268 kB
NFS_Unstable:          0 kB
Bounce:                0 kB
WritebackTmp:          0 kB
CommitLimit:      257188 kB
Committed_AS:     770448 kB
VmallocTotal:     510008 kB
VmallocUsed:       19592 kB
VmallocChunk:     486384 kB
HardwareCorrupted:     0 kB
AnonHugePages:         0 kB
HugePages_Total:       0
HugePages_Free:        0
HugePages_Rsvd:        0
HugePages_Surp:        0
Hugepagesize:       2048 kB
DirectMap4k:       30656 kB
DirectMap2M:      493568 kB


CPU:total 1 (1 cores per cpu, 1 threads per core) family 6 model 61 stepping 4, cmov, cx8, fxsr, mmx, sse, sse2, sse3, ssse3, sse4.1, sse4.2, popcnt, avx, aes, tsc, tscinvbit

/proc/cpuinfo:
processor	: 0
vendor_id	: GenuineIntel
cpu family	: 6
model		: 61
model name	: Intel(R) Core(TM) M-5Y10c CPU @ 0.80GHz
stepping	: 4
cpu MHz		: 997.690
cache size	: 4096 KB
fdiv_bug	: no
hlt_bug		: no
f00f_bug	: no
coma_bug	: no
fpu		: yes
fpu_exception	: yes
cpuid level	: 20
wp		: yes
flags		: fpu vme de pse tsc msr pae mce cx8 apic sep mtrr pge mca cmov pat pse36 clflush mmx fxsr sse sse2 syscall nx rdtscp lm constant_tsc up xtopology nonstop_tsc pni pclmulqdq monitor ssse3 cx16 sse4_1 sse4_2 movbe popcnt aes xsave avx rdrand hypervisor lahf_lm abm 3dnowprefetch
bogomips	: 1995.38
clflush size	: 64
cache_alignment	: 64
address sizes	: 39 bits physical, 48 bits virtual
power management:



Memory: 4k page, physical 514380k(5756k free), swap 0k(0k free)

vm_info: OpenJDK Client VM (24.79-b02) for linux-x86 JRE (1.7.0_79-b14), built on Jul 24 2015 16:35:14 by "buildd" with gcc 4.7.2

time: Thu Mar  9 20:14:06 2017
elapsed time: 3295 seconds

