time	dst	src	seqn
01:06.685	2	0
01:06.941	2	0
01:07.171	2	0
01:08.489	3	0
01:10.572	4	0
01:10.804	4	0
01:11.063	4	0
01:11.307	4	0
01:12.522	5	0
01:14.714	6	0
01:14.943	6	0
01:15.191	6	0
01:15.441	6	0
01:15.685	6	0
01:16.506	7	0
01:16.751	7	0
01:17.001	7	0
01:17.248	7	0
01:17.500	7	0
01:18.569	8	0
01:18.821	8	0
01:18.840	8	0
01:19.033	8	0
01:20.653	9	0
01:20.904	9	0
01:22.718	10	0
01:22.731	10	0
01:24.549	11	0
01:24.558	11	0
01:24.734	11	0
01:26.609	12	0
01:26.866	12	0
01:27.080	12	0
01:28.684	13	0
01:30.518	14	0
01:30.697	14	0
01:30.715	14	0
01:32.517	15	0
01:32.534	15	0
01:32.797	15	0
01:33.035	15	0
01:34.650	2	1
01:34.854	2	1
01:34.867	2	1
01:36.688	3	1
01:38.494	4	1
01:38.503	4	1
01:38.756	4	1
01:38.766	4	1
01:40.529	5	1
01:42.648	6	1
01:42.657	6	1
01:42.874	6	1
01:43.139	6	1
01:43.390	6	1
01:44.733	7	1
01:44.954	7	1
01:45.217	7	1
01:45.470	7	1
01:45.478	7	1
01:46.515	8	1
01:46.524	8	1
01:46.770	8	1
01:46.997	8	1
01:48.610	9	1
01:48.856	9	1
01:50.677	10	1
01:50.919	10	1
01:52.481	11	1
01:52.489	11	1
01:52.697	11	1
01:54.559	12	1
01:54.568	12	1
01:54.780	12	1
01:56.645	13	1
01:58.715	14	1
01:58.918	14	1
01:58.941	14	1
02:00.480	15	1
02:00.502	15	1
02:00.763	15	1
02:01.016	15	1
02:02.607	2	2
02:02.808	2	2
02:02.844	2	2
02:04.656	3	2
02:06.968	4	2
02:06.991	4	2
02:07.244	4	2
02:07.492	4	2
02:08.550	5	2
02:10.497	6	2
02:10.609	6	2
02:10.858	6	2
02:11.120	6	2
02:11.356	6	2
02:12.689	7	2
02:12.937	7	2
02:13.199	7	2
02:13.436	7	2
02:13.444	7	2
02:14.508	8	2
02:14.754	8	2
02:14.762	8	2
02:14.959	8	2
02:16.497	9	2
02:16.667	9	2
02:18.644	10	2
02:18.653	10	2
02:20.730	11	2
02:20.991	11	2
02:21.182	11	2
02:22.663	12	2
02:22.919	12	2
02:23.135	12	2
02:24.498	13	2
02:26.695	14	2
02:26.894	14	2
02:27.096	14	2
02:28.715	15	2
02:28.917	15	2
02:29.176	15	2
02:29.318	15	2
02:30.726	2	3
02:30.932	2	3
02:31.135	2	3
02:32.557	3	3
02:34.570	4	3
02:34.765	4	3
02:35.028	4	3
02:35.211	4	3
02:36.488	5	3
02:38.515	6	3
02:38.761	6	3
02:38.903	6	3
02:38.917	6	3
02:38.938	6	3
02:40.581	7	3
02:40.724	7	3
02:40.738	7	3
02:40.756	7	3
02:40.982	7	3
02:42.546	8	3
02:42.555	8	3
02:42.756	8	3
02:42.952	8	3
02:44.613	9	3
02:44.869	9	3
02:46.703	10	3
02:46.903	10	3
02:48.721	11	3
02:48.730	11	3
02:48.912	11	3
02:50.585	12	3
02:50.830	12	3
02:50.857	12	3
02:52.650	13	3
02:54.699	14	3
02:54.872	14	3
02:55.000	14	3
02:56.691	15	3
02:56.818	15	3
02:57.079	15	3
02:57.294	15	3
02:58.618	2	4
02:58.626	2	4
02:58.769	2	4
03:00.707	3	4
03:02.520	4	4
03:02.660	4	4
03:02.917	4	4
03:02.926	4	4
03:04.493	5	4
03:06.666	6	4
03:06.675	6	4
03:06.876	6	4
03:07.139	6	4
03:07.161	6	4
03:08.492	7	4
03:08.695	7	4
03:08.959	7	4
03:08.982	7	4
03:09.206	7	4
03:10.516	8	4
03:10.778	8	4
03:10.948	8	4
03:11.178	8	4
03:12.513	9	4
03:12.758	9	4
03:14.666	10	4
03:14.836	10	4
03:16.657	11	4
03:16.666	11	4
03:16.880	11	4
03:18.727	12	4
03:18.979	12	4
03:19.076	12	4
03:20.542	13	4
03:22.632	14	4
03:22.839	14	4
03:22.967	14	4
03:24.659	15	4
03:24.787	15	4
03:25.047	15	4
03:25.260	15	4
03:26.507	2	5
03:26.588	2	5
03:26.746	2	5
03:28.677	3	5
03:30.484	4	5
03:30.634	4	5
03:30.898	4	5
03:31.133	4	5
03:32.733	5	5
03:34.640	6	5
03:34.895	6	5
03:35.101	6	5
03:35.362	6	5
03:35.387	6	5
03:36.714	7	5
03:36.921	7	5
03:37.182	7	5
03:37.209	7	5
03:37.439	7	5
03:38.480	8	5
03:38.489	8	5
03:38.656	8	5
03:38.881	8	5
03:40.494	9	5
03:40.739	9	5
03:42.638	10	5
03:42.805	10	5
03:44.626	11	5
03:44.635	11	5
03:44.842	11	5
03:46.704	12	5
03:46.959	12	5
03:47.044	12	5
03:48.520	13	5
03:50.595	14	5
03:50.804	14	5
03:50.940	14	5
03:52.623	15	5
03:52.759	15	5
03:53.021	15	5
03:53.236	15	5
03:54.480	2	6
03:54.558	2	6
03:54.690	2	6
03:56.650	3	6
03:58.713	4	6
03:58.838	4	6
03:59.100	4	6
03:59.357	4	6
04:00.718	5	6
04:02.617	6	6
04:02.869	6	6
04:03.078	6	6
04:03.336	6	6
04:03.355	6	6
04:04.688	7	6
04:04.894	7	6
04:05.159	7	6
04:05.173	7	6
04:05.414	7	6
04:06.985	8	6
04:07.235	8	6
04:07.399	8	6
04:07.623	8	6
04:08.707	9	6
04:08.941	9	6
04:10.614	10	6
04:10.770	10	6
04:12.629	11	6
04:12.855	11	6
04:13.067	11	6
04:14.637	12	6
04:14.650	12	6
04:14.750	12	6
04:16.731	13	6
04:18.562	14	6
04:18.768	14	6
04:18.899	14	6
04:20.587	15	6
04:20.721	15	6
04:20.977	15	6
04:21.211	15	6
04:22.704	2	7
04:22.907	2	7
04:22.923	2	7
04:24.622	3	7
04:26.539	4	7
04:26.556	4	7
04:26.801	4	7
04:26.810	4	7
04:28.538	5	7
04:30.586	6	7
04:30.595	6	7
04:30.623	6	7
04:30.801	6	7
04:30.924	6	7
04:32.673	7	7
04:32.700	7	7
04:32.882	7	7
04:33.123	7	7
04:33.273	7	7
04:34.521	8	7
04:34.704	8	7
04:34.731	8	7
04:34.853	8	7
04:36.563	9	7
04:36.663	9	7
04:38.598	10	7
04:38.621	10	7
04:40.701	11	7
04:40.710	11	7
04:40.812	11	7
04:42.638	12	7
04:42.884	12	7
04:43.017	12	7
04:44.704	13	7
04:46.681	14	7
04:46.771	14	7
04:46.847	14	7
04:48.590	15	7
04:48.666	15	7
04:48.928	15	7
04:49.075	15	7
04:50.669	2	8
04:50.787	2	8
04:50.881	2	8
04:52.564	3	8
04:54.675	4	8
04:54.771	4	8
04:55.033	4	8
04:55.042	4	8
04:56.525	5	8
04:58.661	6	8
04:58.670	6	8
04:58.933	6	8
04:58.943	6	8
04:59.173	6	8
05:00.603	7	8
05:00.843	7	8
05:00.986	7	8
05:01.253	7	8
05:01.421	7	8
05:02.661	8	8
05:02.804	8	8
05:02.837	8	8
05:03.073	8	8
05:04.643	9	8
05:04.893	9	8
05:06.699	10	8
05:06.725	10	8
05:08.543	11	8
05:08.552	11	8
05:08.775	11	8
05:10.596	12	8
05:10.605	12	8
05:10.716	12	8
05:12.685	13	8
05:14.513	14	8
05:14.735	14	8
05:14.986	14	8
05:16.554	15	8
05:16.805	15	8
05:17.066	15	8
05:17.215	15	8
05:18.651	2	9
05:18.746	2	9
05:18.880	2	9
05:20.703	3	9
05:22.639	4	9
05:22.768	4	9
05:23.029	4	9
05:23.250	4	9
05:24.534	5	9
05:26.657	6	9
05:26.666	6	9
05:26.881	6	9
05:26.890	6	9
05:27.137	6	9
05:28.480	7	9
05:28.718	7	9
05:28.868	7	9
05:29.129	7	9
05:29.385	7	9
05:30.538	8	9
05:30.688	8	9
05:30.812	8	9
05:31.037	8	9
05:32.624	9	9
05:32.840	9	9
05:34.582	10	9
05:34.701	10	9
05:36.520	11	9
05:36.528	11	9
05:36.737	11	9
05:38.543	12	9
05:38.551	12	9
05:38.679	12	9
05:40.628	13	9
05:42.489	14	9
05:42.695	14	9
05:42.860	14	9
05:44.513	15	9
05:44.677	15	9
05:44.941	15	9
05:45.182	15	9
05:46.587	2	10
05:46.710	2	10
05:46.828	2	10
05:48.573	3	10
05:50.603	4	10
05:50.717	4	10
05:50.978	4	10
05:51.211	4	10
05:52.533	5	10
05:54.610	6	10
05:54.866	6	10
05:55.102	6	10
05:55.111	6	10
05:55.360	6	10
05:56.611	7	10
05:56.860	7	10
05:57.094	7	10
05:57.355	7	10
05:57.363	7	10
