time	dst	src	seqn
01:06.468	2	0
01:08.468	3	0
01:10.468	4	0
01:12.468	5	0
01:14.468	6	0
01:16.468	7	0
01:18.468	8	0
01:20.468	9	0
01:22.469	10	0
01:24.468	11	0
01:26.468	12	0
01:28.468	13	0
01:30.468	14	0
01:32.468	15	0
01:34.468	2	1
01:36.471	3	1
01:38.468	4	1
01:40.468	5	1
01:42.468	6	1
01:44.468	7	1
01:46.468	8	1
01:48.468	9	1
01:50.468	10	1
01:52.468	11	1
01:54.468	12	1
01:56.468	13	1
01:58.468	14	1
02:00.468	15	1
02:02.468	2	2
02:04.468	3	2
02:06.469	4	2
02:08.468	5	2
02:10.468	6	2
02:12.468	7	2
02:14.468	8	2
02:16.468	9	2
02:18.468	10	2
02:20.468	11	2
02:22.468	12	2
02:24.468	13	2
02:26.468	14	2
02:28.468	15	2
02:30.468	2	3
02:32.468	3	3
02:34.468	4	3
02:36.468	5	3
02:38.468	6	3
02:40.468	7	3
02:42.468	8	3
02:44.468	9	3
02:46.468	10	3
02:48.468	11	3
02:50.468	12	3
02:52.468	13	3
02:54.470	14	3
02:56.468	15	3
02:58.468	2	4
03:00.468	3	4
03:02.468	4	4
03:04.468	5	4
03:06.468	6	4
03:08.468	7	4
03:10.468	8	4
03:12.468	9	4
03:14.468	10	4
03:16.468	11	4
03:18.468	12	4
03:20.468	13	4
03:22.468	14	4
03:24.468	15	4
03:26.468	2	5
03:28.468	3	5
03:30.468	4	5
03:32.468	5	5
03:34.468	6	5
03:36.468	7	5
03:38.468	8	5
03:40.468	9	5
03:42.468	10	5
03:44.468	11	5
03:46.468	12	5
03:48.468	13	5
03:50.468	14	5
03:52.468	15	5
03:54.468	2	6
03:56.468	3	6
03:58.471	4	6
04:00.468	5	6
04:02.468	6	6
04:04.468	7	6
04:06.469	8	6
04:08.468	9	6
04:10.468	10	6
04:12.468	11	6
04:14.468	12	6
04:16.468	13	6
04:18.468	14	6
04:20.468	15	6
04:22.468	2	7
04:24.468	3	7
04:26.468	4	7
04:28.468	5	7
04:30.468	6	7
04:32.468	7	7
04:34.468	8	7
04:36.468	9	7
04:38.468	10	7
04:40.468	11	7
04:42.468	12	7
04:44.468	13	7
04:46.468	14	7
04:48.468	15	7
04:50.468	2	8
04:52.468	3	8
04:54.468	4	8
04:56.468	5	8
04:58.468	6	8
05:00.468	7	8
05:02.468	8	8
05:04.468	9	8
05:06.468	10	8
05:08.468	11	8
05:10.468	12	8
05:12.468	13	8
05:14.468	14	8
05:16.468	15	8
05:18.468	2	9
05:20.472	3	9
05:22.468	4	9
05:24.468	5	9
05:26.468	6	9
05:28.468	7	9
05:30.468	8	9
05:32.468	9	9
05:34.468	10	9
05:36.468	11	9
05:38.468	12	9
05:40.468	13	9
05:42.468	14	9
05:44.468	15	9
05:46.468	2	10
05:48.468	3	10
05:50.468	4	10
05:52.468	5	10
05:54.468	6	10
05:56.468	7	10
